#
# There is insufficient memory for the Java Runtime Environment to continue.
# Native memory allocation (mmap) failed to map 266338304 bytes. Error detail: G1 virtual space
# Possible reasons:
#   The system is out of physical RAM or swap space
#   This process is running with CompressedOops enabled, and the Java Heap may be blocking the growth of the native heap
# Possible solutions:
#   Reduce memory load on the system
#   Increase physical memory or swap space
#   Check if swap backing store is full
#   Decrease Java heap size (-Xmx/-Xms)
#   Decrease number of Java threads
#   Decrease Java thread stack sizes (-Xss)
#   Set larger code cache with -XX:ReservedCodeCacheSize=
#   JVM is running with Zero Based Compressed Oops mode in which the Java heap is
#     placed in the first 32GB address space. The Java Heap base address is the
#     maximum limit for the native heap growth. Please use -XX:HeapBaseMinAddress
#     to set the Java Heap base and to place the Java Heap above 32GB virtual address.
# This output file may be truncated or incomplete.
#
#  Out of Memory Error (os_windows.cpp:3925), pid=12664, tid=15096
#
# JRE version:  (21.0.8) (build )
# Java VM: OpenJDK 64-Bit Server VM (21.0.8+-14196175-b1038.72, mixed mode, sharing, tiered, compressed oops, compressed class ptrs, g1 gc, windows-amd64)
# No core dump will be written. Minidumps are not enabled by default on client versions of Windows
#

---------------  S U M M A R Y ------------

Command Line: -Dfile.encoding=UTF-8 -Duser.country=US -Duser.language=en -Duser.variant com.example.smartfactorymas.MainKt

Host: Intel(R) Core(TM) i7-6700HQ CPU @ 2.60GHz, 8 cores, 15G,  Windows 10 , 64 bit Build 19041 (10.0.19041.5915)
Time: Tue May 12 16:06:11 2026 Morocco Daylight Time elapsed time: 0.013451 seconds (0d 0h 0m 0s)

---------------  T H R E A D  ---------------

Current thread (0x000002398c6aa210):  JavaThread "Unknown thread" [_thread_in_vm, id=15096, stack(0x0000005362600000,0x0000005362700000) (1024K)]

Stack: [0x0000005362600000,0x0000005362700000]
Native frames: (J=compiled Java code, j=interpreted, Vv=VM code, C=native code)
V  [jvm.dll+0x6d68d9]
V  [jvm.dll+0x866693]
V  [jvm.dll+0x868c4e]
V  [jvm.dll+0x869333]
V  [jvm.dll+0x280566]
V  [jvm.dll+0x6d3195]
V  [jvm.dll+0x6c69ea]
V  [jvm.dll+0x3586db]
V  [jvm.dll+0x360336]
V  [jvm.dll+0x3b23f6]
V  [jvm.dll+0x3b26c8]
V  [jvm.dll+0x32ae6c]
V  [jvm.dll+0x32bb5b]
V  [jvm.dll+0x82e109]
V  [jvm.dll+0x3bf5c8]
V  [jvm.dll+0x817388]
V  [jvm.dll+0x453b6e]
V  [jvm.dll+0x4552d1]
C  [jli.dll+0x52ab]
C  [ucrtbase.dll+0x21bb2]
C  [KERNEL32.DLL+0x17374]
C  [ntdll.dll+0x4cc91]


---------------  P R O C E S S  ---------------

Threads class SMR info:
_java_thread_list=0x00007ffe202eb988, length=0, elements={
}

Java Threads: ( => current thread )
Total: 0

Other Threads:
  0x000002398c710e70 WorkerThread "GC Thread#0"                     [id=6316, stack(0x0000005362700000,0x0000005362800000) (1024K)]
  0x000002398c721d00 ConcurrentGCThread "G1 Main Marker"            [id=10880, stack(0x0000005362800000,0x0000005362900000) (1024K)]
  0x000002398c722800 WorkerThread "G1 Conc#0"                       [id=10508, stack(0x0000005362900000,0x0000005362a00000) (1024K)]

[error occurred during error reporting (printing all threads), id 0xc0000005, EXCEPTION_ACCESS_VIOLATION (0xc0000005) at pc=0x00007ffe1fadddd7]
VM state: not at safepoint (not fully initialized)

VM Mutex/Monitor currently owned by a thread:  ([mutex/lock_event])
[0x00007ffe203586b8] Heap_lock - owner thread: 0x000002398c6aa210

Heap address: 0x0000000702c00000, size: 4052 MB, Compressed Oops mode: Zero based, Oop shift amount: 3

CDS archive(s) mapped at: [0x0000000000000000-0x0000000000000000-0x0000000000000000), size 0, SharedBaseAddress: 0x0000000800000000, ArchiveRelocationMode: 1.
Narrow klass base: 0x0000000000000000, Narrow klass shift: 0, Narrow klass range: 0x0

GC Precious Log:
 CardTable entry size: 512
 Card Set container configuration: InlinePtr #cards 4 size 8 Array Of Cards #cards 16 size 48 Howl #buckets 8 coarsen threshold 3686 Howl Bitmap #cards 512 size 80 coarsen threshold 460 Card regions per heap region 1 cards per card region 4096

Heap:
 garbage-first heap   total 0K, used 0K [0x0000000702c00000, 0x0000000800000000)
  region size 2048K, 0 young (0K), 0 survivors (0K)
 Metaspace       used 0K, committed 0K, reserved 0K
  class space    used 0K, committed 0K, reserved 0K

Heap Regions: E=young(eden), S=young(survivor), O=old, HS=humongous(starts), HC=humongous(continues), CS=collection set, F=free, TAMS=top-at-mark-start, PB=parsable bottom

Card table byte_map: [0x000002399f320000,0x000002399fb10000] _byte_map_base: 0x000002399bb0a000

Marking Bits: (CMBitMap*) 0x000002398c711570
 Bits: [0x000002399fb10000, 0x00000239a3a60000)

GC Heap History (0 events):
No events

Dll operation events (1 events):
Event: 0.007 Loaded shared library C:\Program Files\Android\Android Studio2\jbr\bin\java.dll

Deoptimization events (0 events):
No events

Classes loaded (0 events):
No events

Classes unloaded (0 events):
No events

Classes redefined (0 events):
No events

Internal exceptions (0 events):
No events

ZGC Phase Switch (0 events):
No events

VM Operations (0 events):
No events

Memory protections (0 events):
No events

Nmethod flushes (0 events):
No events

Events (0 events):
No events


Dynamic libraries:
0x00007ff67a650000 - 0x00007ff67a65a000 	C:\Program Files\Android\Android Studio2\jbr\bin\java.exe
0x00007ffea0a90000 - 0x00007ffea0c88000 	C:\WINDOWS\SYSTEM32\ntdll.dll
0x00007ffe9ff80000 - 0x00007ffea0042000 	C:\WINDOWS\System32\KERNEL32.DLL
0x00007ffe9e270000 - 0x00007ffe9e566000 	C:\WINDOWS\System32\KERNELBASE.dll
0x00007ffe9e8c0000 - 0x00007ffe9e9c0000 	C:\WINDOWS\System32\ucrtbase.dll
0x00007ffe84500000 - 0x00007ffe8451b000 	C:\Program Files\Android\Android Studio2\jbr\bin\VCRUNTIME140.dll
0x00007ffe845e0000 - 0x00007ffe845f8000 	C:\Program Files\Android\Android Studio2\jbr\bin\jli.dll
0x00007ffea0550000 - 0x00007ffea06f1000 	C:\WINDOWS\System32\USER32.dll
0x00007ffe88f60000 - 0x00007ffe891fb000 	C:\WINDOWS\WinSxS\amd64_microsoft.windows.common-controls_6595b64144ccf1df_6.0.19041.6456_none_60b8a6cb71f64256\COMCTL32.dll
0x00007ffe9e240000 - 0x00007ffe9e262000 	C:\WINDOWS\System32\win32u.dll
0x00007ffe9eb10000 - 0x00007ffe9ebae000 	C:\WINDOWS\System32\msvcrt.dll
0x00007ffea0a20000 - 0x00007ffea0a4b000 	C:\WINDOWS\System32\GDI32.dll
0x00007ffe9e120000 - 0x00007ffe9e239000 	C:\WINDOWS\System32\gdi32full.dll
0x00007ffe9e9c0000 - 0x00007ffe9ea5d000 	C:\WINDOWS\System32\msvcp_win.dll
0x00007ffea0700000 - 0x00007ffea072f000 	C:\WINDOWS\System32\IMM32.DLL
0x00007ffe98e00000 - 0x00007ffe98e0c000 	C:\Program Files\Android\Android Studio2\jbr\bin\vcruntime140_1.dll
0x00007ffe77910000 - 0x00007ffe7799d000 	C:\Program Files\Android\Android Studio2\jbr\bin\msvcp140.dll
0x00007ffe1f7a0000 - 0x00007ffe20436000 	C:\Program Files\Android\Android Studio2\jbr\bin\server\jvm.dll
0x00007ffe9ef30000 - 0x00007ffe9efe1000 	C:\WINDOWS\System32\ADVAPI32.dll
0x00007ffea00c0000 - 0x00007ffea015f000 	C:\WINDOWS\System32\sechost.dll
0x00007ffea0750000 - 0x00007ffea0870000 	C:\WINDOWS\System32\RPCRT4.dll
0x00007ffe9e750000 - 0x00007ffe9e777000 	C:\WINDOWS\System32\bcrypt.dll
0x00007ffea0050000 - 0x00007ffea00bb000 	C:\WINDOWS\System32\WS2_32.dll
0x00007ffe9da20000 - 0x00007ffe9da6b000 	C:\WINDOWS\SYSTEM32\POWRPROF.dll
0x00007ffe959b0000 - 0x00007ffe959ba000 	C:\WINDOWS\SYSTEM32\VERSION.dll
0x00007ffe89320000 - 0x00007ffe89347000 	C:\WINDOWS\SYSTEM32\WINMM.dll
0x00007ffe9da00000 - 0x00007ffe9da12000 	C:\WINDOWS\SYSTEM32\UMPDC.dll
0x00007ffe9c8f0000 - 0x00007ffe9c902000 	C:\WINDOWS\SYSTEM32\kernel.appcore.dll
0x00007ffe7bd50000 - 0x00007ffe7bd5a000 	C:\Program Files\Android\Android Studio2\jbr\bin\jimage.dll
0x00007ffe9bdf0000 - 0x00007ffe9bff1000 	C:\WINDOWS\SYSTEM32\DBGHELP.DLL
0x00007ffe779e0000 - 0x00007ffe77a14000 	C:\WINDOWS\SYSTEM32\dbgcore.DLL
0x00007ffe9e780000 - 0x00007ffe9e802000 	C:\WINDOWS\System32\bcryptPrimitives.dll
0x00007ffe79730000 - 0x00007ffe79750000 	C:\Program Files\Android\Android Studio2\jbr\bin\java.dll

JVMTI agents: none

dbghelp: loaded successfully - version: 4.0.5 - missing functions: none
symbol engine: initialized successfully - sym options: 0x614 - pdb path: .;C:\Program Files\Android\Android Studio2\jbr\bin;C:\WINDOWS\SYSTEM32;C:\WINDOWS\WinSxS\amd64_microsoft.windows.common-controls_6595b64144ccf1df_6.0.19041.6456_none_60b8a6cb71f64256;C:\Program Files\Android\Android Studio2\jbr\bin\server

VM Arguments:
jvm_args: -Dfile.encoding=UTF-8 -Duser.country=US -Duser.language=en -Duser.variant 
java_command: com.example.smartfactorymas.MainKt
java_class_path (initial): C:\Users\HP\AndroidStudioProjects\SmartFactoryMAS2\composeApp\build\classes\kotlin\jvm\main;C:\Users\HP\AndroidStudioProjects\SmartFactoryMAS2\composeApp\build\classes\java\jvmMain;C:\Users\HP\AndroidStudioProjects\SmartFactoryMAS2\composeApp\build\processedResources\jvm\main;C:\Users\HP\AndroidStudioProjects\Quran\caches\modules-2\files-2.1\org.jetbrains.compose.material3\material3-desktop\1.10.0-alpha05\ebcf3065e9f7d408f8be2854b6542fb1dd51356f\material3-desktop-1.10.0-alpha05.jar;C:\Users\HP\AndroidStudioProjects\Quran\caches\modules-2\files-2.1\org.jetbrains.compose.components\components-resources-desktop\1.10.3\c6115b607f77e9d033de360f989850d3824bf112\library-desktop-1.10.3.jar;C:\Users\HP\AndroidStudioProjects\Quran\caches\modules-2\files-2.1\org.jetbrains.compose.desktop\desktop-jvm\1.10.3\42facd9840309ac4eb841a986c5d1b97d2780471\desktop-jvm-1.10.3.jar;C:\Users\HP\AndroidStudioProjects\Quran\caches\modules-2\files-2.1\org.jetbrains.compose.material\material-desktop\1.10.3\63e1c3c6705d111bf84e41110e7729df5b85163e\material-desktop-1.10.3.jar;C:\Users\HP\AndroidStudioProjects\Quran\caches\modules-2\files-2.1\org.jetbrains.compose.material\material-ripple-desktop\1.10.3\74a14824f086339703264689c5a7cf4ceb39ed40\material-ripple-desktop-1.10.3.jar;C:\Users\HP\AndroidStudioProjects\Quran\caches\modules-2\files-2.1\org.jetbrains.compose.foundation\foundation-desktop\1.10.3\d9ba57abee3527886ea640d3b390a70ba9e28af\foundation-desktop-1.10.3.jar;C:\Users\HP\AndroidStudioProjects\Quran\caches\modules-2\files-2.1\org.jetbrains.compose.material\material-icons-extended-desktop\1.7.3\c7c5465dd754043076875b32bce0dd7f5a354fe8\material-icons-extended-desktop-1.7.3.jar;C:\Users\HP\AndroidStudioProjects\Quran\caches\modules-2\files-2.1\org.jetbrains.androidx.lifecycle\lifecycle-viewmodel-compose-desktop\2.10.0\a59cd3cec34b5b7519ca3245b0d160dfd12a5891\lifecycle-viewmodel-compose-desktop-2.10.0.jar;C:\Users\HP\AndroidStudioProjects\Quran\caches\modules-2\files-2.1\org.jetbrains.compose.animation\animation-desktop\1.10.3\52a17b8bd5f608cdb60f01c64eee2830b8484ca7\animation-desktop-1.10.3.jar;C:\Users\HP\AndroidStudioProjects\Quran\caches\modules-2\files-2.1\org.jetbrains.compose.foundation\foundation-layout-desktop\1.10.3\149192cb271d4c11905104b9180d5d648b3591f2\foundation-layout-desktop-1.10.3.jar;C:\Users\HP\AndroidStudioProjects\Quran\caches\modules-2\files-2.1\org.jetbrains.compose.material\material-icons-core-desktop\1.7.3\414b3096050fe647b0638832eace80f22c06b85c\material-icons-core-desktop-1.7.3.jar;C:\Users\HP\AndroidStudioProjects\Quran\caches\modules-2\files-2.1\org.jetbrains.compose.animation\animation-core-desktop\1.10.3\5dd98c5745e548644b7657901bbcc4c2c8f9ec59\animation-core-desktop-1.10.3.jar;C:\Users\HP\AndroidStudioProjects\Quran\caches\modules-2\files-2.1\org.jetbrains.compose.ui\ui-desktop\1.10.3\73a6b1e10434fb11bae82daa68c205c71af03c55\ui-desktop-1.10.3.jar;C:\Users\HP\AndroidStudioProjects\Quran\caches\modules-2\files-2.1\org.jetbrains.skiko\skiko-awt-runtime-windows-x64\0.9.37.4\348449c8ddcd248c336def6b799a2ee4a58bb546\skiko-awt-runtime-windows-x64-0.9.37.4.jar;C:\Users\HP\AndroidStudioProjects\Quran\caches\modules-2\files-2.1\org.jetbrains.compose.ui\ui-text-desktop\1.10.3\7babd6e2dea601e74bed24b4017350e1acf4569c\ui-text-desktop-1.10.3.jar;C:\Users\HP\AndroidStudioProjects\Quran\caches\modules-2\files-2.1\org.jetbrains.compose.ui\ui-graphics-desktop\1.10.3\1fd5d0189d75eca10163a1f07842627519399337\ui-graphics-desktop-1.10.3.jar;C:\Users\HP\AndroidStudioProjects\Quran\caches\modules-2\files-2.1\org.jetbrains.skiko\skiko-awt\0.9.37.4\fc7470cca1041a52b182a921205c5c224e7709ad\skiko-awt-0.9.37.4.jar;C:\Users\HP\AndroidStudioProjects\Quran\caches\modules-2\files-2.1\org.jetbrains.compose.ui\ui-tooling-preview-desktop\1.10.3\6d464d6c6d654d45aecdfaff7a08d64af62217e2\ui-tooling-preview-desktop-1.10.3.jar;C:\Users\HP\AndroidStudioProjects\Quran\caches\modules-2\files-2.1\org.jetbrains.compose.ui\ui-backhandler-desktop\1.10.3\ed725f86a0fdff73fb37561ffb606166725e4b6f\ui-backhandler-desktop-1.10.3.jar;C:\Users\HP\AndroidStudioProjects\Quran\caches\modules-2\files-2.1\androidx.navigationevent\navigationevent-desktop\1.0.2\ddb1e7fe97ed51c3d35bba493f97fcf12398719\navigationevent-desktop-1.0.2.jar;C:\Users\HP\AndroidStudioProjects\Quran\caches\modules-2\files-2.1\androidx.compose.runtime\runtime-annotation-jvm\1.10.5\ea491da34ba40ae9bd340c393566753ddfd95a76\runtime-annotation-jvm-1.10.5.jar;C:\Users\HP\AndroidStudioProjects\Quran\caches\modules-2\files-2.1\androidx.compose.runtime\runtime-retain-desktop\1.10.5\879812e3cd2c6151f5d91f515a35952b1be07a76\runtime-retain-desktop-1.10.5.jar;C:\Users\HP\AndroidStudioProjects\Quran\caches\modules-2\files-2.1\androidx.compose.runtime\runtime-saveable-desktop\1.10.5\f6903c683c07ba479659ba4eb55bc7c80a7c433e\runtime-saveable-desktop-1.10.5.jar;C:\Users\HP\AndroidStudioProjects\Quran\caches\modules-2\files-2.1\org.jetbrains.compose.runtime\runtime-saveable-desktop\1.10.3\9b0e2a8ce3ae7d2b1a40307bc9271933b238cfd4\runtime-saveable-desktop-1.10.3.jar;C:\Users\HP\AndroidStudioProjects\Quran\caches\modules-2\files-2.1\androidx.lifecycle\lifecycle-viewmodel-savedstate-desktop\2.10.0\ec55d21af7e860f55e1797163df33737473f211a\lifecycle-viewmodel-savedstate-desktop-2.10.0.jar;C:\Users\HP\AndroidStudioProjects\Quran\caches\modules-2\files-2.1\androidx.lifecycle\lifecycle-viewmodel-desktop\2.10.0\8ff3a014a8c7e901085b76191cdbdfb4d9322cc2\lifecycle-viewmodel-desktop-2.10.0.jar;C:\Users\HP\AndroidStudioProjects\Quran\caches\modules-2\files-2.1\androidx.lifecycle\lifecycle-runtime-desktop\2.10.0\fe39fe8e677652fd188c3cf1b1089a4c31bccd14\lifecycle-runtime-desktop-2.10.0.jar;C:\Users\HP\AndroidStudioProjects\Quran\caches\modules-2\files-2.1\org.jetbrains.androidx.savedstate\savedstate-compose-desktop\1.3.6\63692375ffe667f12cb3ea8aa1e605d659ed2add\savedstate-compose-desktop-1.3.6.jar;C:\Users\HP\AndroidStudioProjects\Quran\caches\modules-2\files-2.1\androidx.savedstate\savedstate-compose-desktop\1.4.0\d3d6e0e2108528eb6080dc250da925a572be4202\savedstate-compose-desktop-1.4.0.jar;C:\Users\HP\AndroidStudioProjects\Quran\caches\modules-2\files-2.1\androidx.savedstate\savedstate-desktop\1.4.0\3b049a0f81643d6b4b900de95bc23efc085c32d5\savedstate-desktop-1.4.0.jar;C:\Users\HP\AndroidStudioProjects\Quran\caches\modules-2\files-2.1\androidx.lifecycle\lifecycle-common-jvm\2.10.0\2b7a92c746f3339efc533a2da0024e596760f816\lifecycle-common-jvm-2.10.0.jar;C:\Users\HP\AndroidStudioProjects\Quran\caches\modules-2\files-2.1\androidx.lifecycle\lifecycle-runtime-compose-desktop\2.10.0\c277d78d334495bc70c976007a6fddb4c39ff65c\lifecycle-runtime-compose-desktop-2.10.0.jar;C:\Users\HP\AndroidStudioProjects\Quran\caches\modules-2\files-2.1\org.jetbrains.androidx.lifecycle\lifecycle-runtime-compose-desktop\2.10.0\7b6b6793f3c4c5996b20d1d99cf728e5fac00364\lifecycle-runtime-compose-desktop-2.10.0.jar;C:\Users\HP\AndroidStudioProjects\Quran\caches\modules-2\files-2.1\org.jetbrains.compose.ui\ui-unit-desktop\1.10.3\aeeb2f31358ab5abf0bafa0828de2faba7189db5\ui-unit-desktop-1.10.3.jar;C:\Users\HP\AndroidStudioProjects\Quran\caches\modules-2\files-2.1\org.jetbrains.compose.ui\ui-geometry-desktop\1.10.3\779ddaadbc03720f7bb2507f6ed6dc4ffc9e7f3e\ui-geometry-desktop-1.10.3.jar;C:\Users\HP\AndroidStudioProjects\Quran\caches\modules-2\files-2.1\org.jetbrains.compose.runtime\runtime-desktop\1.10.3\edbd39fc9691f4ba1e29c6690341148db4272752\runtime-desktop-1.10.3.jar;C:\Users\HP\AndroidStudioProjects\Quran\caches\modules-2\files-2.1\androidx.compose.runtime\runtime-desktop\1.10.5\b1705e2087f06395622b784aa88e2e738043459\runtime-desktop-1.10.5.jar;C:\Users\HP\AndroidStudioProjects\Quran\caches\modules-2\files-2.1\org.jetbrains.kotlinx\kotlinx-coroutines-core-jvm\1.10.2\4a9f78ef49483748e2c129f3d124b8fa249dafbf\kotlinx-coroutines-core-jvm-1.10.2.jar;C:\Users\HP\AndroidStudioProjects\Quran\caches\modules-2\files-2.1\org.jetbrains.kotlinx\kotlinx-coroutines-swing\1.10.2\ccb5a2e7c83fa76da0ba4677f05678d3bd3eed57\kotlinx-coroutines-swing-1.10.2.jar;C:\Users\HP\AndroidStudioProjects\Quran\caches\modules-2\files-2.1\org.jetbrains.kotlinx\kotlinx-serialization-core-jvm\1.8.1\510cb839cce9a3e708052d480a6fbf4a7274dfcd\kotlinx-serialization-core-jvm-1.8.1.jar;C:\Users\HP\AndroidStudioProjects\Quran\caches\modules-2\files-2.1\org.jetbrains.kotlinx\kotlinx-serialization-json-jvm\1.8.1\4de3bace4b175753df5484d2acd74c14bfeb5be9\kotlinx-serialization-json-jvm-1.8.1.jar;C:\Users\HP\AndroidStudioProjects\Quran\caches\modules-2\files-2.1\org.jetbrains.kotlin\kotlin-stdlib-jdk8\2.2.20\57c4d839a6e5ad105d61ffc5cc0bf4de649c1714\kotlin-stdlib-jdk8-2.2.20.jar;C:\Users\HP\AndroidStudioProjects\Quran\caches\modules-2\files-2.1\org.jetbrains.compose.ui\ui-util-desktop\1.10.3\fe41825dccacb792ded7df579736a0ed919ee270\ui-util-desktop-1.10.3.jar;C:\Users\HP\AndroidStudioProjects\Quran\caches\modules-2\files-2.1\org.jetbrains.kotlinx\atomicfu-jvm\0.23.2\a4601dc42dceb031a586058e8356ff778a57dea0\atomicfu-jvm-0.23.2.jar;C:\Users\HP\AndroidStudioProjects\Quran\caches\modules-2\files-2.1\androidx.graphics\graphics-shapes-desktop\1.1.0\a5d2198960bdc0915f74c6b2954d3323f35f40ea\graphics-shapes-desktop-1.1.0.jar;C:\Users\HP\AndroidStudioProjects\Quran\caches\modules-2\files-2.1\androidx.collection\collection-jvm\1.5.0\7ba2c69414d46ebc2dd76598bdd0a75c54281a57\collection-jvm-1.5.0.jar;C:\Users\HP\AndroidStudioProjects\Quran\caches\modules-2\files-2.1\androidx.arch.core\core-common\2.2.0\5e1b8b81dfd5f52c56a8d53b18ca759c19a301f3\core-common-2.2.0.jar;C:\Users\HP\AndroidStudioProjects\Quran\caches\modules-2\files-2.1\androidx.annotation\annotation-jvm\1.9.1\b17951747e38bf3986a24431b9ba0d039958aa5f\annotation-jvm-1.9.1.jar;C:\Users\HP\AndroidStudioProjects\Quran\caches\modules-2\files-2.1\org.jetbrains.kotlinx\kotlinx-datetime-jvm\0.7.1\81c2e0246bd28cc2dcbdf0ab53628322e66a9de9\kotlinx-datetime-jvm-0.7.1.jar;C:\Users\HP\AndroidStudioProjects\Quran\caches\modules-2\files-2.1\org.jetbrains.kotlin\kotlin-stdlib-jdk7\2.2.20\bdbe3b5d872fa3b74d8fcd4e7ca3193f4abc9cc8\kotlin-stdlib-jdk7-2.2.20.jar;C:\Users\HP\AndroidStudioProjects\Quran\caches\modules-2\files-2.1\org.jetbrains.kotlin\kotlin-stdlib\2.3.21\a2ee2c4e220fee522f0451b723bab2a43f3481a7\kotlin-stdlib-2.3.21.jar;C:\Users\HP\AndroidStudioProjects\Quran\caches\modules-2\files-2.1\org.jetbrains\annotations\23.0.0\8cc20c07506ec18e0834947b84a864bfc094484e\annotations-23.0.0.jar;C:\Users\HP\AndroidStudioProjects\Quran\caches\modules-2\files-2.1\org.jetbrains.runtime\jbr-api\1.5.0\4158e485a7a4ecfd521e03095d81e0225529e8d2\jbr-api-1.5.0.jar;C:\Users\HP\AndroidStudioProjects\Quran\caches\modules-2\files-2.1\org.jspecify\jspecify\1.0.0\7425a601c1c7ec76645a78d22b8c6a627edee507\jspecify-1.0.0.jar
Launcher Type: SUN_STANDARD

[Global flags]
     intx CICompilerCount                          = 4                                         {product} {ergonomic}
     uint ConcGCThreads                            = 2                                         {product} {ergonomic}
     uint G1ConcRefinementThreads                  = 8                                         {product} {ergonomic}
   size_t G1HeapRegionSize                         = 2097152                                   {product} {ergonomic}
    uintx GCDrainStackTargetSize                   = 64                                        {product} {ergonomic}
   size_t InitialHeapSize                          = 266338304                                 {product} {ergonomic}
   size_t MarkStackSize                            = 4194304                                   {product} {ergonomic}
   size_t MaxHeapSize                              = 4248829952                                {product} {ergonomic}
   size_t MinHeapDeltaBytes                        = 2097152                                   {product} {ergonomic}
   size_t MinHeapSize                              = 8388608                                   {product} {ergonomic}
    uintx NonNMethodCodeHeapSize                   = 5839372                                {pd product} {ergonomic}
    uintx NonProfiledCodeHeapSize                  = 122909434                              {pd product} {ergonomic}
    uintx ProfiledCodeHeapSize                     = 122909434                              {pd product} {ergonomic}
    uintx ReservedCodeCacheSize                    = 251658240                              {pd product} {ergonomic}
     bool SegmentedCodeCache                       = true                                      {product} {ergonomic}
   size_t SoftMaxHeapSize                          = 4248829952                             {manageable} {ergonomic}
     bool UseCompressedOops                        = true                           {product lp64_product} {ergonomic}
     bool UseG1GC                                  = true                                      {product} {ergonomic}
     bool UseLargePagesIndividualAllocation        = false                                  {pd product} {ergonomic}

Logging:
Log output configuration:
 #0: stdout all=warning uptime,level,tags foldmultilines=false
 #1: stderr all=off uptime,level,tags foldmultilines=false

Environment Variables:
PATH=C:\Windows\System32;C:\Program Files\Git\cmd;C:\Program Files (x86)\Windows Kits\10\Windows Performance Toolkit\;C:\Users\HP\Desktop\chelia\ffmpeg-7.1.1-full_build\bin;C:\Program Files\nodejs\;C:\msys64\mingw64\bin;C:\Windows\System32\WindowsPowerShell\v1.0;C:\Users\HP\flutter\flutter\bin;C:\Users\HP\AppData\Local\Programs\Microsoft VS Code\bin;C:\Users\HP\AppData\Local\Programs\Antigravity\bin;C:\Users\HP\AppData\Local\Python\bin;C:\Users\HP\AppData\Roaming\npm;C:\Users\HP\.local\bin
USERNAME=HP
OS=Windows_NT
PROCESSOR_IDENTIFIER=Intel64 Family 6 Model 94 Stepping 3, GenuineIntel
TMP=C:\Users\HP\AppData\Local\Temp
TEMP=C:\Users\HP\AppData\Local\Temp




Periodic native trim disabled

JNI global refs:
JNI global refs: 0, weak refs: 0

JNI global refs memory usage: 0, weak refs: 0

Process memory usage:
Resident Set Size: 10924K (0% of 16593220K total physical memory with 1868804K free physical memory)

OOME stack traces (most recent first):
Classloader memory used:

---------------  S Y S T E M  ---------------

OS:
 Windows 10 , 64 bit Build 19041 (10.0.19041.5915)
OS uptime: 0 days 2:33 hours
Hyper-V role detected

CPU: total 8 (initial active 8) (4 cores per cpu, 2 threads per core) family 6 model 94 stepping 3 microcode 0xcc, cx8, cmov, fxsr, ht, mmx, 3dnowpref, sse, sse2, sse3, ssse3, sse4.1, sse4.2, popcnt, lzcnt, tsc, tscinvbit, avx, avx2, aes, erms, clmul, bmi1, bmi2, rtm, adx, fma, vzeroupper, clflush, clflushopt, hv, rdtscp, f16c
Processor Information for the first 8 processors :
  Max Mhz: 2592, Current Mhz: 2592, Mhz Limit: 2592

Memory: 4k page, system-wide physical 16204M (1825M free)
TotalPageFile size 29115M (AvailPageFile size 69M)
current process WorkingSet (physical memory assigned to process): 10M, peak: 10M
current process commit charge ("private bytes"): 60M, peak: 314M

vm_info: OpenJDK 64-Bit Server VM (21.0.8+-14196175-b1038.72) for windows-amd64 JRE (21.0.8+-14196175-b1038.72), built on 2025-10-01T10:24:33Z by "builder" with MS VC++ 16.10 / 16.11 (VS2019)

END.
