#
# There is insufficient memory for the Java Runtime Environment to continue.
# Native memory allocation (malloc) failed to allocate 1843440 bytes. Error detail: Chunk::new
# Possible reasons:
#   The system is out of physical RAM or swap space
#   This process is running with CompressedOops enabled, and the Java Heap may be blocking the growth of the native heap
# Possible solutions:
#   Reduce memory load on the system
#   Increase physical memory or swap space
#   Check if swap backing store is full
#   Decrease Java heap size (-Xmx/-Xms)
#   Decrease number of Java threads
#   Decrease Java thread stack sizes (-Xss)
#   Set larger code cache with -XX:ReservedCodeCacheSize=
#   JVM is running with Unscaled Compressed Oops mode in which the Java heap is
#     placed in the first 4GB address space. The Java Heap base address is the
#     maximum limit for the native heap growth. Please use -XX:HeapBaseMinAddress
#     to set the Java Heap base and to place the Java Heap above 4GB virtual address.
# This output file may be truncated or incomplete.
#
#  Out of Memory Error (arena.cpp:168), pid=8308, tid=11480
#
# JRE version: OpenJDK Runtime Environment Temurin-21.0.10+7 (21.0.10+7) (build 21.0.10+7-LTS)
# Java VM: OpenJDK 64-Bit Server VM Temurin-21.0.10+7 (21.0.10+7-LTS, mixed mode, sharing, tiered, compressed oops, compressed class ptrs, parallel gc, windows-amd64)
# No core dump will be written. Minidumps are not enabled by default on client versions of Windows
#

---------------  S U M M A R Y ------------

Command Line: --add-modules=ALL-SYSTEM --add-opens=java.base/java.util=ALL-UNNAMED --add-opens=java.base/java.lang=ALL-UNNAMED --add-opens=java.base/sun.nio.fs=ALL-UNNAMED -Declipse.application=org.eclipse.jdt.ls.core.id1 -Dosgi.bundles.defaultStartLevel=4 -Declipse.product=org.eclipse.jdt.ls.core.product -Djava.import.generatesMetadataFilesAtProjectRoot=false -DDetectVMInstallationsJob.disabled=true -Dfile.encoding=utf8 -XX:+UseParallelGC -XX:GCTimeRatio=4 -XX:AdaptiveSizePolicyWeight=90 -Dsun.zip.disableMemoryMapping=true -Xmx2G -Xms100m -Xlog:disable -javaagent:c:\Users\HP\.antigravity\extensions\redhat.java-1.54.0-win32-x64\lombok\lombok-1.18.39-4050.jar -XX:+HeapDumpOnOutOfMemoryError -XX:HeapDumpPath=c:\Users\HP\AppData\Roaming\Antigravity\User\workspaceStorage\4eb16e8758ccc2055537406e63e7aed0\redhat.java -Daether.dependencyCollector.impl=bf c:\Users\HP\.antigravity\extensions\redhat.java-1.54.0-win32-x64\server\plugins\org.eclipse.equinox.launcher_1.7.100.v20251111-0406.jar -configuration c:\Users\HP\AppData\Roaming\Antigravity\User\globalStorage\redhat.java\1.54.0\config_win -data c:\Users\HP\AppData\Roaming\Antigravity\User\workspaceStorage\4eb16e8758ccc2055537406e63e7aed0\redhat.java\jdt_ws --pipe=\\.\pipe\lsp-0718b909bd518ef54388aae2ff17c95f-sock

Host: Intel(R) Core(TM) i7-6700HQ CPU @ 2.60GHz, 8 cores, 15G,  Windows 10 , 64 bit Build 19041 (10.0.19041.5915)
Time: Tue May 12 17:20:58 2026 Morocco Daylight Time elapsed time: 22.661170 seconds (0d 0h 0m 22s)

---------------  T H R E A D  ---------------

Current thread (0x0000020643d62c10):  JavaThread "C2 CompilerThread0" daemon [_thread_in_native, id=11480, stack(0x0000001e1b600000,0x0000001e1b700000) (1024K)]


Current CompileTask:
C2:22661 4334   !   4       org.eclipse.osgi.internal.loader.classpath.ClasspathManager::findClassImpl (328 bytes)

Stack: [0x0000001e1b600000,0x0000001e1b700000]
Native frames: (J=compiled Java code, j=interpreted, Vv=VM code, C=native code)
V  [jvm.dll+0x6d7a39]
V  [jvm.dll+0x8b4b26]
V  [jvm.dll+0x8b70de]
V  [jvm.dll+0x8b77c3]
V  [jvm.dll+0x284346]
V  [jvm.dll+0xc66ed]
V  [jvm.dll+0xc6c31]
V  [jvm.dll+0x3bec3b]
V  [jvm.dll+0x1e3f69]
V  [jvm.dll+0x24c6b3]
V  [jvm.dll+0x24bb40]
V  [jvm.dll+0x1cb34e]
V  [jvm.dll+0x25b85d]
V  [jvm.dll+0x259dea]
V  [jvm.dll+0x3f857e]
V  [jvm.dll+0x85f59d]
V  [jvm.dll+0x6d626d]
C  [ucrtbase.dll+0x21bb2]
C  [KERNEL32.DLL+0x17374]
C  [ntdll.dll+0x4cc91]


---------------  P R O C E S S  ---------------

Threads class SMR info:
_java_thread_list=0x000002068bd61590, length=40, elements={
0x000002062d2e0b90, 0x0000020643d50b40, 0x0000020643d52190, 0x0000020643d54e00,
0x0000020643d55a60, 0x0000020643d56e60, 0x0000020643d61dd0, 0x0000020643d62c10,
0x0000020643d96940, 0x00000206867e8060, 0x000002068687f6a0, 0x000002068b77ab50,
0x000002068b8fca60, 0x000002068b7fcb20, 0x000002068b43a6d0, 0x000002068bdb07f0,
0x000002068bdaf440, 0x000002068ba2f370, 0x000002068bdb0e80, 0x000002068bdae720,
0x000002068bdaedb0, 0x000002068bdafad0, 0x000002068b644ef0, 0x000002068bdb0160,
0x000002068d519460, 0x000002068d51a180, 0x000002068d516d00, 0x000002068d51aea0,
0x000002068d51a810, 0x000002068d519af0, 0x000002068d51b530, 0x000002068d51d600,
0x000002068d5180b0, 0x000002068d517390, 0x000002068d51bbc0, 0x000002068d51c250,
0x000002068d517a20, 0x000002068d51cf70, 0x000002068d51c8e0, 0x000002068d51dc90
}

Java Threads: ( => current thread )
  0x000002062d2e0b90 JavaThread "main"                              [_thread_blocked, id=12004, stack(0x0000001e1ac00000,0x0000001e1ad00000) (1024K)]
  0x0000020643d50b40 JavaThread "Reference Handler"          daemon [_thread_blocked, id=10728, stack(0x0000001e1b000000,0x0000001e1b100000) (1024K)]
  0x0000020643d52190 JavaThread "Finalizer"                  daemon [_thread_blocked, id=12160, stack(0x0000001e1b100000,0x0000001e1b200000) (1024K)]
  0x0000020643d54e00 JavaThread "Signal Dispatcher"          daemon [_thread_blocked, id=12528, stack(0x0000001e1b200000,0x0000001e1b300000) (1024K)]
  0x0000020643d55a60 JavaThread "Attach Listener"            daemon [_thread_blocked, id=14920, stack(0x0000001e1b300000,0x0000001e1b400000) (1024K)]
  0x0000020643d56e60 JavaThread "Service Thread"             daemon [_thread_blocked, id=5372, stack(0x0000001e1b400000,0x0000001e1b500000) (1024K)]
  0x0000020643d61dd0 JavaThread "Monitor Deflation Thread"   daemon [_thread_blocked, id=13048, stack(0x0000001e1b500000,0x0000001e1b600000) (1024K)]
=>0x0000020643d62c10 JavaThread "C2 CompilerThread0"         daemon [_thread_in_native, id=11480, stack(0x0000001e1b600000,0x0000001e1b700000) (1024K)]
  0x0000020643d96940 JavaThread "C1 CompilerThread0"         daemon [_thread_blocked, id=10220, stack(0x0000001e1b700000,0x0000001e1b800000) (1024K)]
  0x00000206867e8060 JavaThread "Common-Cleaner"             daemon [_thread_blocked, id=7900, stack(0x0000001e1b900000,0x0000001e1ba00000) (1024K)]
  0x000002068687f6a0 JavaThread "Notification Thread"        daemon [_thread_blocked, id=3268, stack(0x0000001e1bb00000,0x0000001e1bc00000) (1024K)]
  0x000002068b77ab50 JavaThread "Active Thread: Equinox Container: 1e017747-f317-4586-8ac8-21baeae91936"        [_thread_blocked, id=9300, stack(0x0000001e1c300000,0x0000001e1c400000) (1024K)]
  0x000002068b8fca60 JavaThread "Refresh Thread: Equinox Container: 1e017747-f317-4586-8ac8-21baeae91936" daemon [_thread_blocked, id=8384, stack(0x0000001e1c200000,0x0000001e1c300000) (1024K)]
  0x000002068b7fcb20 JavaThread "Framework Event Dispatcher: Equinox Container: 1e017747-f317-4586-8ac8-21baeae91936" daemon [_thread_blocked, id=9244, stack(0x0000001e1c400000,0x0000001e1c500000) (1024K)]
  0x000002068b43a6d0 JavaThread "Start Level: Equinox Container: 1e017747-f317-4586-8ac8-21baeae91936" daemon [_thread_blocked, id=10332, stack(0x0000001e1c500000,0x0000001e1c600000) (1024K)]
  0x000002068bdb07f0 JavaThread "Bundle File Closer"         daemon [_thread_blocked, id=3344, stack(0x0000001e1c700000,0x0000001e1c800000) (1024K)]
  0x000002068bdaf440 JavaThread "SCR Component Actor"        daemon [_thread_blocked, id=8680, stack(0x0000001e1c600000,0x0000001e1c700000) (1024K)]
  0x000002068ba2f370 JavaThread "C2 CompilerThread1"         daemon [_thread_in_native, id=12464, stack(0x0000001e1c800000,0x0000001e1c900000) (1024K)]
  0x000002068bdb0e80 JavaThread "Worker-JM"                         [_thread_blocked, id=14416, stack(0x0000001e1ca00000,0x0000001e1cb00000) (1024K)]
  0x000002068bdae720 JavaThread "JNA Cleaner"                daemon [_thread_blocked, id=1316, stack(0x0000001e1c900000,0x0000001e1ca00000) (1024K)]
  0x000002068bdaedb0 JavaThread "Worker-0"                          [_thread_blocked, id=4172, stack(0x0000001e1cb00000,0x0000001e1cc00000) (1024K)]
  0x000002068bdafad0 JavaThread "Worker-1: Initialize After Load"        [_thread_blocked, id=13168, stack(0x0000001e1cc00000,0x0000001e1cd00000) (1024K)]
  0x000002068b644ef0 JavaThread "C2 CompilerThread2"         daemon [_thread_in_native, id=11020, stack(0x0000001e1cd00000,0x0000001e1ce00000) (1024K)]
  0x000002068bdb0160 JavaThread "Java indexing"              daemon [_thread_blocked, id=1852, stack(0x0000001e1ce00000,0x0000001e1cf00000) (1024K)]
  0x000002068d519460 JavaThread "Worker-2"                          [_thread_blocked, id=12612, stack(0x0000001e1d100000,0x0000001e1d200000) (1024K)]
  0x000002068d51a180 JavaThread "Worker-3: Updating Maven Dependencies"        [_thread_blocked, id=6736, stack(0x0000001e1d200000,0x0000001e1d300000) (1024K)]
  0x000002068d516d00 JavaThread "Worker-4: Repository registry initialization"        [_thread_in_Java, id=6348, stack(0x0000001e1d300000,0x0000001e1d400000) (1024K)]
  0x000002068d51aea0 JavaThread "Worker-5"                          [_thread_blocked, id=12948, stack(0x0000001e1d400000,0x0000001e1d500000) (1024K)]
  0x000002068d51a810 JavaThread "Thread-1"                   daemon [_thread_in_native, id=5600, stack(0x0000001e1d500000,0x0000001e1d600000) (1024K)]
  0x000002068d519af0 JavaThread "Thread-2"                   daemon [_thread_in_native, id=13200, stack(0x0000001e1d600000,0x0000001e1d700000) (1024K)]
  0x000002068d51b530 JavaThread "Thread-3"                   daemon [_thread_in_native, id=12976, stack(0x0000001e1d700000,0x0000001e1d800000) (1024K)]
  0x000002068d51d600 JavaThread "Thread-4"                   daemon [_thread_in_native, id=3248, stack(0x0000001e1d800000,0x0000001e1d900000) (1024K)]
  0x000002068d5180b0 JavaThread "Thread-5"                   daemon [_thread_in_native, id=5740, stack(0x0000001e1d900000,0x0000001e1da00000) (1024K)]
  0x000002068d517390 JavaThread "Thread-6"                   daemon [_thread_in_native, id=3408, stack(0x0000001e1da00000,0x0000001e1db00000) (1024K)]
  0x000002068d51bbc0 JavaThread "Thread-7"                   daemon [_thread_in_native, id=8448, stack(0x0000001e1db00000,0x0000001e1dc00000) (1024K)]
  0x000002068d51c250 JavaThread "Thread-8"                   daemon [_thread_in_native, id=11148, stack(0x0000001e1dc00000,0x0000001e1dd00000) (1024K)]
  0x000002068d517a20 JavaThread "Thread-9"                   daemon [_thread_in_native, id=11320, stack(0x0000001e1dd00000,0x0000001e1de00000) (1024K)]
  0x000002068d51cf70 JavaThread "pool-2-thread-1"                   [_thread_blocked, id=8712, stack(0x0000001e1de00000,0x0000001e1df00000) (1024K)]
  0x000002068d51c8e0 JavaThread "WorkspaceEventsHandler"            [_thread_blocked, id=7336, stack(0x0000001e1df00000,0x0000001e1e000000) (1024K)]
  0x000002068d51dc90 JavaThread "pool-1-thread-1"                   [_thread_blocked, id=10172, stack(0x0000001e1e000000,0x0000001e1e100000) (1024K)]
Total: 40

Other Threads:
  0x0000020643d34080 VMThread "VM Thread"                           [id=9776, stack(0x0000001e1af00000,0x0000001e1b000000) (1024K)]
  0x000002062d3a8ac0 WatcherThread "VM Periodic Task Thread"        [id=5068, stack(0x0000001e1ae00000,0x0000001e1af00000) (1024K)]
  0x000002062d2febf0 WorkerThread "GC Thread#0"                     [id=9268, stack(0x0000001e1ad00000,0x0000001e1ae00000) (1024K)]
  0x000002068b67b050 WorkerThread "GC Thread#1"                     [id=808, stack(0x0000001e1bc00000,0x0000001e1bd00000) (1024K)]
  0x000002068b32f9a0 WorkerThread "GC Thread#2"                     [id=7640, stack(0x0000001e1bd00000,0x0000001e1be00000) (1024K)]
  0x000002068b32fd50 WorkerThread "GC Thread#3"                     [id=2556, stack(0x0000001e1be00000,0x0000001e1bf00000) (1024K)]
  0x000002068b522a30 WorkerThread "GC Thread#4"                     [id=2672, stack(0x0000001e1bf00000,0x0000001e1c000000) (1024K)]
  0x000002068b522de0 WorkerThread "GC Thread#5"                     [id=6760, stack(0x0000001e1c000000,0x0000001e1c100000) (1024K)]
  0x000002068b53eda0 WorkerThread "GC Thread#6"                     [id=11936, stack(0x0000001e1c100000,0x0000001e1c200000) (1024K)]
  0x0000020643d63cf0 WorkerThread "GC Thread#7"                     [id=872, stack(0x0000001e1b800000,0x0000001e1b900000) (1024K)]
Total: 10

Threads with active compile tasks:
C2 CompilerThread0  22707 4334   !   4       org.eclipse.osgi.internal.loader.classpath.ClasspathManager::findClassImpl (328 bytes)
C2 CompilerThread1  22707 5012   !   4       org.eclipse.osgi.internal.loader.classpath.ClasspathManager::defineClass (636 bytes)
C2 CompilerThread2  22708 4999   !   4       org.eclipse.osgi.internal.loader.BundleLoader::findClass0 (490 bytes)
Total: 3

VM state: not at safepoint (normal execution)

VM Mutex/Monitor currently owned by a thread:  ([mutex/lock_event])
[0x00007ffe2269d060] MethodCompileQueue_lock - owner thread: 0x0000000000000000

Heap address: 0x0000000080000000, size: 2048 MB, Compressed Oops mode: 32-bit

CDS archive(s) mapped at: [0x0000020644000000-0x0000020644ba0000-0x0000020644ba0000), size 12189696, SharedBaseAddress: 0x0000020644000000, ArchiveRelocationMode: 1.
Compressed class space mapped at: 0x0000020645000000-0x0000020685000000, reserved size: 1073741824
Narrow klass base: 0x0000020644000000, Narrow klass shift: 0, Narrow klass range: 0x100000000

GC Precious Log:
 CardTable entry size: 512
 CPUs: 8 total, 8 available
 Memory: 16204M
 Large Page Support: Disabled
 NUMA Support: Disabled
 Compressed Oops: Enabled (32-bit)
 Alignments: Space 512K, Generation 512K, Heap 2M
 Heap Min Capacity: 100M
 Heap Initial Capacity: 100M
 Heap Max Capacity: 2G
 Pre-touch: Disabled
 Parallel Workers: 8

Heap:
 PSYoungGen      total 23552K, used 13022K [0x00000000d5580000, 0x00000000d7180000, 0x0000000100000000)
  eden space 22016K, 56% used [0x00000000d5580000,0x00000000d618fbe0,0x00000000d6b00000)
  from space 1536K, 43% used [0x00000000d6f00000,0x00000000d6fa8000,0x00000000d7080000)
  to   space 1024K, 0% used [0x00000000d7080000,0x00000000d7080000,0x00000000d7180000)
 ParOldGen       total 68608K, used 20054K [0x0000000080000000, 0x0000000084300000, 0x00000000d5580000)
  object space 68608K, 29% used [0x0000000080000000,0x0000000081395ab0,0x0000000084300000)
 Metaspace       used 39695K, committed 40704K, reserved 1114112K
  class space    used 4235K, committed 4672K, reserved 1048576K

Card table byte_map: [0x000002062cc90000,0x000002062d0a0000] _byte_map_base: 0x000002062c890000

Marking Bits: (ParMarkBitMap*) 0x00007ffe226a3450
 Begin Bits: [0x000002063f7a0000, 0x00000206417a0000)
 End Bits:   [0x00000206417a0000, 0x00000206437a0000)

Polling page: 0x000002062b1c0000

Metaspace:

Usage:
  Non-class:     34.63 MB used.
      Class:      4.14 MB used.
       Both:     38.76 MB used.

Virtual space:
  Non-class space:       64.00 MB reserved,      35.19 MB ( 55%) committed,  1 nodes.
      Class space:        1.00 GB reserved,       4.56 MB ( <1%) committed,  1 nodes.
             Both:        1.06 GB reserved,      39.75 MB (  4%) committed. 

Chunk freelists:
   Non-Class:  12.73 MB
       Class:  11.34 MB
        Both:  24.08 MB

MaxMetaspaceSize: unlimited
CompressedClassSpaceSize: 1.00 GB
Initial GC threshold: 21.00 MB
Current GC threshold: 58.38 MB
CDS: on
 - commit_granule_bytes: 65536.
 - commit_granule_words: 8192.
 - virtual_space_node_default_size: 8388608.
 - enlarge_chunks_in_place: 1.
 - use_allocation_guard: 0.


Internal statistics:

num_allocs_failed_limit: 8.
num_arena_births: 768.
num_arena_deaths: 26.
num_vsnodes_births: 2.
num_vsnodes_deaths: 0.
num_space_committed: 636.
num_space_uncommitted: 0.
num_chunks_returned_to_freelist: 39.
num_chunks_taken_from_freelist: 2488.
num_chunk_merges: 13.
num_chunk_splits: 1556.
num_chunks_enlarged: 938.
num_inconsistent_stats: 0.

CodeHeap 'non-profiled nmethods': size=120000Kb used=2140Kb max_used=2226Kb free=117859Kb
 bounds [0x0000020637fc0000, 0x0000020638230000, 0x000002063f4f0000]
CodeHeap 'profiled nmethods': size=120000Kb used=9314Kb max_used=9430Kb free=110685Kb
 bounds [0x00000206304f0000, 0x0000020630e40000, 0x0000020637a20000]
CodeHeap 'non-nmethods': size=5760Kb used=1359Kb max_used=1432Kb free=4401Kb
 bounds [0x0000020637a20000, 0x0000020637c90000, 0x0000020637fc0000]
CodeCache: size=245760Kb, used=12813Kb, max_used=13088Kb, free=232945Kb
 total_blobs=5194, nmethods=4539, adapters=561, full_count=0
Compilation: enabled, stopped_count=0, restarted_count=0

Compilation events (20 events):
Event: 22.618 Thread 0x0000020643d96940 5045       3       java.lang.reflect.AccessibleObject::getAnnotations (5 bytes)
Event: 22.619 Thread 0x0000020643d96940 nmethod 5045 0x0000020630548e90 code [0x0000020630549040, 0x0000020630549208]
Event: 22.620 Thread 0x0000020643d96940 5046       3       sun.reflect.annotation.AnnotationInvocationHandler::invoke (182 bytes)
Event: 22.622 Thread 0x0000020643d96940 nmethod 5046 0x0000020630821690 code [0x00000206308219e0, 0x0000020630822b38]
Event: 22.625 Thread 0x0000020643d96940 5049       3       java.util.HashMap::prepareArray (38 bytes)
Event: 22.625 Thread 0x0000020643d96940 nmethod 5049 0x0000020630820d10 code [0x0000020630820f00, 0x00000206308214b0]
Event: 22.629 Thread 0x0000020643d96940 5050       3       java.util.regex.Pattern::newSlice (181 bytes)
Event: 22.630 Thread 0x0000020643d96940 nmethod 5050 0x0000020630921490 code [0x00000206309217e0, 0x0000020630922ae0]
Event: 22.630 Thread 0x0000020643d96940 5053       3       java.lang.System$2::getConstantPool (5 bytes)
Event: 22.631 Thread 0x0000020643d96940 nmethod 5053 0x0000020630548910 code [0x0000020630548ac0, 0x0000020630548c00]
Event: 22.631 Thread 0x0000020643d96940 5051       3       java.util.concurrent.ConcurrentLinkedQueue::isEmpty (13 bytes)
Event: 22.631 Thread 0x0000020643d96940 nmethod 5051 0x0000020630820910 code [0x0000020630820ac0, 0x0000020630820c68]
Event: 22.631 Thread 0x0000020643d96940 5052       3       java.util.concurrent.ConcurrentLinkedQueue::first (65 bytes)
Event: 22.633 Thread 0x0000020643d96940 nmethod 5052 0x000002063091f190 code [0x000002063091f520, 0x0000020630920cb8]
Event: 22.644 Thread 0x0000020643d96940 5055 %     3       java.util.regex.Pattern::compile @ 73 (537 bytes)
Event: 22.647 Thread 0x0000020643d96940 nmethod 5055% 0x000002063053c710 code [0x000002063053cba0, 0x000002063053f4d8]
Event: 22.647 Thread 0x0000020643d96940 5056       3       java.lang.Class::getTypeParameters (19 bytes)
Event: 22.648 Thread 0x0000020643d96940 nmethod 5056 0x000002063053be10 code [0x000002063053c000, 0x000002063053c578]
Event: 22.648 Thread 0x0000020643d96940 5057       3       sun.reflect.generics.repository.GenericDeclRepository::getTypeParameters (27 bytes)
Event: 22.648 Thread 0x0000020643d96940 nmethod 5057 0x0000020630820290 code [0x0000020630820460, 0x00000206308207e0]

GC Heap History (20 events):
Event: 20.399 GC heap before
{Heap before GC invocations=8 (full 1):
 PSYoungGen      total 29184K, used 4535K [0x00000000d5580000, 0x00000000d7780000, 0x0000000100000000)
  eden space 24576K, 0% used [0x00000000d5580000,0x00000000d5580000,0x00000000d6d80000)
  from space 4608K, 98% used [0x00000000d6f00000,0x00000000d736dc98,0x00000000d7380000)
  to   space 4096K, 0% used [0x00000000d7380000,0x00000000d7380000,0x00000000d7780000)
 ParOldGen       total 68608K, used 9491K [0x0000000080000000, 0x0000000084300000, 0x00000000d5580000)
  object space 68608K, 13% used [0x0000000080000000,0x0000000080944c88,0x0000000084300000)
 Metaspace       used 20713K, committed 21504K, reserved 1114112K
  class space    used 2197K, committed 2560K, reserved 1048576K
}
Event: 20.434 GC heap after
{Heap after GC invocations=8 (full 1):
 PSYoungGen      total 29184K, used 0K [0x00000000d5580000, 0x00000000d7780000, 0x0000000100000000)
  eden space 24576K, 0% used [0x00000000d5580000,0x00000000d5580000,0x00000000d6d80000)
  from space 4608K, 0% used [0x00000000d6f00000,0x00000000d6f00000,0x00000000d7380000)
  to   space 4096K, 0% used [0x00000000d7380000,0x00000000d7380000,0x00000000d7780000)
 ParOldGen       total 68608K, used 13379K [0x0000000080000000, 0x0000000084300000, 0x00000000d5580000)
  object space 68608K, 19% used [0x0000000080000000,0x0000000080d10e30,0x0000000084300000)
 Metaspace       used 20701K, committed 21504K, reserved 1114112K
  class space    used 2193K, committed 2560K, reserved 1048576K
}
Event: 20.613 GC heap before
{Heap before GC invocations=9 (full 1):
 PSYoungGen      total 29184K, used 24576K [0x00000000d5580000, 0x00000000d7780000, 0x0000000100000000)
  eden space 24576K, 100% used [0x00000000d5580000,0x00000000d6d80000,0x00000000d6d80000)
  from space 4608K, 0% used [0x00000000d6f00000,0x00000000d6f00000,0x00000000d7380000)
  to   space 4096K, 0% used [0x00000000d7380000,0x00000000d7380000,0x00000000d7780000)
 ParOldGen       total 68608K, used 13379K [0x0000000080000000, 0x0000000084300000, 0x00000000d5580000)
  object space 68608K, 19% used [0x0000000080000000,0x0000000080d10e30,0x0000000084300000)
 Metaspace       used 23325K, committed 24064K, reserved 1114112K
  class space    used 2361K, committed 2688K, reserved 1048576K
}
Event: 20.614 GC heap after
{Heap after GC invocations=9 (full 1):
 PSYoungGen      total 25088K, used 661K [0x00000000d5580000, 0x00000000d7480000, 0x0000000100000000)
  eden space 24064K, 0% used [0x00000000d5580000,0x00000000d5580000,0x00000000d6d00000)
  from space 1024K, 64% used [0x00000000d7380000,0x00000000d7425410,0x00000000d7480000)
  to   space 2560K, 0% used [0x00000000d6f80000,0x00000000d6f80000,0x00000000d7200000)
 ParOldGen       total 68608K, used 13379K [0x0000000080000000, 0x0000000084300000, 0x00000000d5580000)
  object space 68608K, 19% used [0x0000000080000000,0x0000000080d10e30,0x0000000084300000)
 Metaspace       used 23325K, committed 24064K, reserved 1114112K
  class space    used 2361K, committed 2688K, reserved 1048576K
}
Event: 20.792 GC heap before
{Heap before GC invocations=10 (full 1):
 PSYoungGen      total 25088K, used 24725K [0x00000000d5580000, 0x00000000d7480000, 0x0000000100000000)
  eden space 24064K, 100% used [0x00000000d5580000,0x00000000d6d00000,0x00000000d6d00000)
  from space 1024K, 64% used [0x00000000d7380000,0x00000000d7425410,0x00000000d7480000)
  to   space 2560K, 0% used [0x00000000d6f80000,0x00000000d6f80000,0x00000000d7200000)
 ParOldGen       total 68608K, used 13379K [0x0000000080000000, 0x0000000084300000, 0x00000000d5580000)
  object space 68608K, 19% used [0x0000000080000000,0x0000000080d10e30,0x0000000084300000)
 Metaspace       used 26309K, committed 27200K, reserved 1114112K
  class space    used 2598K, committed 2944K, reserved 1048576K
}
Event: 20.793 GC heap after
{Heap after GC invocations=10 (full 1):
 PSYoungGen      total 26112K, used 2505K [0x00000000d5580000, 0x00000000d7400000, 0x0000000100000000)
  eden space 23552K, 0% used [0x00000000d5580000,0x00000000d5580000,0x00000000d6c80000)
  from space 2560K, 97% used [0x00000000d6f80000,0x00000000d71f2778,0x00000000d7200000)
  to   space 2048K, 0% used [0x00000000d7200000,0x00000000d7200000,0x00000000d7400000)
 ParOldGen       total 68608K, used 13379K [0x0000000080000000, 0x0000000084300000, 0x00000000d5580000)
  object space 68608K, 19% used [0x0000000080000000,0x0000000080d10e30,0x0000000084300000)
 Metaspace       used 26309K, committed 27200K, reserved 1114112K
  class space    used 2598K, committed 2944K, reserved 1048576K
}
Event: 21.085 GC heap before
{Heap before GC invocations=11 (full 1):
 PSYoungGen      total 26112K, used 26057K [0x00000000d5580000, 0x00000000d7400000, 0x0000000100000000)
  eden space 23552K, 100% used [0x00000000d5580000,0x00000000d6c80000,0x00000000d6c80000)
  from space 2560K, 97% used [0x00000000d6f80000,0x00000000d71f2778,0x00000000d7200000)
  to   space 2048K, 0% used [0x00000000d7200000,0x00000000d7200000,0x00000000d7400000)
 ParOldGen       total 68608K, used 13379K [0x0000000080000000, 0x0000000084300000, 0x00000000d5580000)
  object space 68608K, 19% used [0x0000000080000000,0x0000000080d10e30,0x0000000084300000)
 Metaspace       used 28429K, committed 29248K, reserved 1114112K
  class space    used 2775K, committed 3136K, reserved 1048576K
}
Event: 21.088 GC heap after
{Heap after GC invocations=11 (full 1):
 PSYoungGen      total 25088K, used 1683K [0x00000000d5580000, 0x00000000d7400000, 0x0000000100000000)
  eden space 23040K, 0% used [0x00000000d5580000,0x00000000d5580000,0x00000000d6c00000)
  from space 2048K, 82% used [0x00000000d7200000,0x00000000d73a4de0,0x00000000d7400000)
  to   space 2048K, 0% used [0x00000000d7000000,0x00000000d7000000,0x00000000d7200000)
 ParOldGen       total 68608K, used 15364K [0x0000000080000000, 0x0000000084300000, 0x00000000d5580000)
  object space 68608K, 22% used [0x0000000080000000,0x0000000080f01290,0x0000000084300000)
 Metaspace       used 28429K, committed 29248K, reserved 1114112K
  class space    used 2775K, committed 3136K, reserved 1048576K
}
Event: 21.445 GC heap before
{Heap before GC invocations=12 (full 1):
 PSYoungGen      total 25088K, used 24715K [0x00000000d5580000, 0x00000000d7400000, 0x0000000100000000)
  eden space 23040K, 99% used [0x00000000d5580000,0x00000000d6bfe068,0x00000000d6c00000)
  from space 2048K, 82% used [0x00000000d7200000,0x00000000d73a4de0,0x00000000d7400000)
  to   space 2048K, 0% used [0x00000000d7000000,0x00000000d7000000,0x00000000d7200000)
 ParOldGen       total 68608K, used 15364K [0x0000000080000000, 0x0000000084300000, 0x00000000d5580000)
  object space 68608K, 22% used [0x0000000080000000,0x0000000080f01290,0x0000000084300000)
 Metaspace       used 31651K, committed 32640K, reserved 1114112K
  class space    used 3172K, committed 3584K, reserved 1048576K
}
Event: 21.448 GC heap after
{Heap after GC invocations=12 (full 1):
 PSYoungGen      total 24576K, used 1825K [0x00000000d5580000, 0x00000000d7280000, 0x0000000100000000)
  eden space 22528K, 0% used [0x00000000d5580000,0x00000000d5580000,0x00000000d6b80000)
  from space 2048K, 89% used [0x00000000d7000000,0x00000000d71c87d8,0x00000000d7200000)
  to   space 512K, 0% used [0x00000000d7200000,0x00000000d7200000,0x00000000d7280000)
 ParOldGen       total 68608K, used 16930K [0x0000000080000000, 0x0000000084300000, 0x00000000d5580000)
  object space 68608K, 24% used [0x0000000080000000,0x0000000081088b30,0x0000000084300000)
 Metaspace       used 31651K, committed 32640K, reserved 1114112K
  class space    used 3172K, committed 3584K, reserved 1048576K
}
Event: 21.670 GC heap before
{Heap before GC invocations=13 (full 1):
 PSYoungGen      total 24576K, used 24353K [0x00000000d5580000, 0x00000000d7280000, 0x0000000100000000)
  eden space 22528K, 100% used [0x00000000d5580000,0x00000000d6b80000,0x00000000d6b80000)
  from space 2048K, 89% used [0x00000000d7000000,0x00000000d71c87d8,0x00000000d7200000)
  to   space 512K, 0% used [0x00000000d7200000,0x00000000d7200000,0x00000000d7280000)
 ParOldGen       total 68608K, used 16930K [0x0000000080000000, 0x0000000084300000, 0x00000000d5580000)
  object space 68608K, 24% used [0x0000000080000000,0x0000000081088b30,0x0000000084300000)
 Metaspace       used 34351K, committed 35392K, reserved 1114112K
  class space    used 3533K, committed 4032K, reserved 1048576K
}
Event: 21.673 GC heap after
{Heap after GC invocations=13 (full 1):
 PSYoungGen      total 22528K, used 512K [0x00000000d5580000, 0x00000000d7280000, 0x0000000100000000)
  eden space 22016K, 0% used [0x00000000d5580000,0x00000000d5580000,0x00000000d6b00000)
  from space 512K, 100% used [0x00000000d7200000,0x00000000d7280000,0x00000000d7280000)
  to   space 3584K, 0% used [0x00000000d6b80000,0x00000000d6b80000,0x00000000d6f00000)
 ParOldGen       total 68608K, used 19576K [0x0000000080000000, 0x0000000084300000, 0x00000000d5580000)
  object space 68608K, 28% used [0x0000000080000000,0x000000008131e1b0,0x0000000084300000)
 Metaspace       used 34351K, committed 35392K, reserved 1114112K
  class space    used 3533K, committed 4032K, reserved 1048576K
}
Event: 21.720 GC heap before
{Heap before GC invocations=14 (full 1):
 PSYoungGen      total 22528K, used 4624K [0x00000000d5580000, 0x00000000d7280000, 0x0000000100000000)
  eden space 22016K, 18% used [0x00000000d5580000,0x00000000d5984138,0x00000000d6b00000)
  from space 512K, 100% used [0x00000000d7200000,0x00000000d7280000,0x00000000d7280000)
  to   space 3584K, 0% used [0x00000000d6b80000,0x00000000d6b80000,0x00000000d6f00000)
 ParOldGen       total 68608K, used 19576K [0x0000000080000000, 0x0000000084300000, 0x00000000d5580000)
  object space 68608K, 28% used [0x0000000080000000,0x000000008131e1b0,0x0000000084300000)
 Metaspace       used 34908K, committed 35840K, reserved 1114112K
  class space    used 3605K, committed 4032K, reserved 1048576K
}
Event: 21.721 GC heap after
{Heap after GC invocations=14 (full 1):
 PSYoungGen      total 25600K, used 352K [0x00000000d5580000, 0x00000000d7280000, 0x0000000100000000)
  eden space 22016K, 0% used [0x00000000d5580000,0x00000000d5580000,0x00000000d6b00000)
  from space 3584K, 9% used [0x00000000d6b80000,0x00000000d6bd8000,0x00000000d6f00000)
  to   space 1536K, 0% used [0x00000000d7100000,0x00000000d7100000,0x00000000d7280000)
 ParOldGen       total 68608K, used 20032K [0x0000000080000000, 0x0000000084300000, 0x00000000d5580000)
  object space 68608K, 29% used [0x0000000080000000,0x00000000813901b0,0x0000000084300000)
 Metaspace       used 34908K, committed 35840K, reserved 1114112K
  class space    used 3605K, committed 4032K, reserved 1048576K
}
Event: 21.721 GC heap before
{Heap before GC invocations=15 (full 2):
 PSYoungGen      total 25600K, used 352K [0x00000000d5580000, 0x00000000d7280000, 0x0000000100000000)
  eden space 22016K, 0% used [0x00000000d5580000,0x00000000d5580000,0x00000000d6b00000)
  from space 3584K, 9% used [0x00000000d6b80000,0x00000000d6bd8000,0x00000000d6f00000)
  to   space 1536K, 0% used [0x00000000d7100000,0x00000000d7100000,0x00000000d7280000)
 ParOldGen       total 68608K, used 20032K [0x0000000080000000, 0x0000000084300000, 0x00000000d5580000)
  object space 68608K, 29% used [0x0000000080000000,0x00000000813901b0,0x0000000084300000)
 Metaspace       used 34908K, committed 35840K, reserved 1114112K
  class space    used 3605K, committed 4032K, reserved 1048576K
}
Event: 21.758 GC heap after
{Heap after GC invocations=15 (full 2):
 PSYoungGen      total 25600K, used 0K [0x00000000d5580000, 0x00000000d7280000, 0x0000000100000000)
  eden space 22016K, 0% used [0x00000000d5580000,0x00000000d5580000,0x00000000d6b00000)
  from space 3584K, 0% used [0x00000000d6b80000,0x00000000d6b80000,0x00000000d6f00000)
  to   space 1536K, 0% used [0x00000000d7100000,0x00000000d7100000,0x00000000d7280000)
 ParOldGen       total 68608K, used 19382K [0x0000000080000000, 0x0000000084300000, 0x00000000d5580000)
  object space 68608K, 28% used [0x0000000080000000,0x00000000812edab0,0x0000000084300000)
 Metaspace       used 34898K, committed 35840K, reserved 1114112K
  class space    used 3602K, committed 4032K, reserved 1048576K
}
Event: 22.130 GC heap before
{Heap before GC invocations=16 (full 2):
 PSYoungGen      total 25600K, used 22016K [0x00000000d5580000, 0x00000000d7280000, 0x0000000100000000)
  eden space 22016K, 100% used [0x00000000d5580000,0x00000000d6b00000,0x00000000d6b00000)
  from space 3584K, 0% used [0x00000000d6b80000,0x00000000d6b80000,0x00000000d6f00000)
  to   space 1536K, 0% used [0x00000000d7100000,0x00000000d7100000,0x00000000d7280000)
 ParOldGen       total 68608K, used 19382K [0x0000000080000000, 0x0000000084300000, 0x00000000d5580000)
  object space 68608K, 28% used [0x0000000080000000,0x00000000812edab0,0x0000000084300000)
 Metaspace       used 36458K, committed 37504K, reserved 1114112K
  class space    used 3824K, committed 4288K, reserved 1048576K
}
Event: 22.133 GC heap after
{Heap after GC invocations=16 (full 2):
 PSYoungGen      total 23040K, used 995K [0x00000000d5580000, 0x00000000d7200000, 0x0000000100000000)
  eden space 22016K, 0% used [0x00000000d5580000,0x00000000d5580000,0x00000000d6b00000)
  from space 1024K, 97% used [0x00000000d7100000,0x00000000d71f8d70,0x00000000d7200000)
  to   space 1536K, 0% used [0x00000000d6f00000,0x00000000d6f00000,0x00000000d7080000)
 ParOldGen       total 68608K, used 19390K [0x0000000080000000, 0x0000000084300000, 0x00000000d5580000)
  object space 68608K, 28% used [0x0000000080000000,0x00000000812efab0,0x0000000084300000)
 Metaspace       used 36458K, committed 37504K, reserved 1114112K
  class space    used 3824K, committed 4288K, reserved 1048576K
}
Event: 22.508 GC heap before
{Heap before GC invocations=17 (full 2):
 PSYoungGen      total 23040K, used 23011K [0x00000000d5580000, 0x00000000d7200000, 0x0000000100000000)
  eden space 22016K, 100% used [0x00000000d5580000,0x00000000d6b00000,0x00000000d6b00000)
  from space 1024K, 97% used [0x00000000d7100000,0x00000000d71f8d70,0x00000000d7200000)
  to   space 1536K, 0% used [0x00000000d6f00000,0x00000000d6f00000,0x00000000d7080000)
 ParOldGen       total 68608K, used 19390K [0x0000000080000000, 0x0000000084300000, 0x00000000d5580000)
  object space 68608K, 28% used [0x0000000080000000,0x00000000812efab0,0x0000000084300000)
 Metaspace       used 38386K, committed 39360K, reserved 1114112K
  class space    used 4063K, committed 4480K, reserved 1048576K
}
Event: 22.510 GC heap after
{Heap after GC invocations=17 (full 2):
 PSYoungGen      total 23552K, used 672K [0x00000000d5580000, 0x00000000d7180000, 0x0000000100000000)
  eden space 22016K, 0% used [0x00000000d5580000,0x00000000d5580000,0x00000000d6b00000)
  from space 1536K, 43% used [0x00000000d6f00000,0x00000000d6fa8000,0x00000000d7080000)
  to   space 1024K, 0% used [0x00000000d7080000,0x00000000d7080000,0x00000000d7180000)
 ParOldGen       total 68608K, used 20054K [0x0000000080000000, 0x0000000084300000, 0x00000000d5580000)
  object space 68608K, 29% used [0x0000000080000000,0x0000000081395ab0,0x0000000084300000)
 Metaspace       used 38386K, committed 39360K, reserved 1114112K
  class space    used 4063K, committed 4480K, reserved 1048576K
}

Dll operation events (10 events):
Event: 0.012 Loaded shared library c:\Users\HP\.antigravity\extensions\redhat.java-1.54.0-win32-x64\jre\21.0.10-win32-x86_64\bin\java.dll
Event: 0.114 Loaded shared library c:\Users\HP\.antigravity\extensions\redhat.java-1.54.0-win32-x64\jre\21.0.10-win32-x86_64\bin\zip.dll
Event: 0.142 Loaded shared library C:\Users\HP\.antigravity\extensions\redhat.java-1.54.0-win32-x64\jre\21.0.10-win32-x86_64\bin\instrument.dll
Event: 0.146 Loaded shared library C:\Users\HP\.antigravity\extensions\redhat.java-1.54.0-win32-x64\jre\21.0.10-win32-x86_64\bin\net.dll
Event: 0.149 Loaded shared library C:\Users\HP\.antigravity\extensions\redhat.java-1.54.0-win32-x64\jre\21.0.10-win32-x86_64\bin\nio.dll
Event: 0.152 Loaded shared library C:\Users\HP\.antigravity\extensions\redhat.java-1.54.0-win32-x64\jre\21.0.10-win32-x86_64\bin\zip.dll
Event: 0.176 Loaded shared library C:\Users\HP\.antigravity\extensions\redhat.java-1.54.0-win32-x64\jre\21.0.10-win32-x86_64\bin\jimage.dll
Event: 0.271 Loaded shared library c:\Users\HP\.antigravity\extensions\redhat.java-1.54.0-win32-x64\jre\21.0.10-win32-x86_64\bin\verify.dll
Event: 9.734 Loaded shared library C:\Users\HP\AppData\Roaming\Antigravity\User\globalStorage\redhat.java\1.54.0\config_win\org.eclipse.equinox.launcher\org.eclipse.equinox.launcher.win32.win32.x86_64_1.3.0.v20260203-2149\eclipse_11919.dll
Event: 19.715 Loaded shared library C:\Users\HP\AppData\Local\Temp\jna-2312\jna4588287223634262795.dll

Deoptimization events (20 events):
Event: 21.765 Thread 0x000002062d2e0b90 DEOPT PACKING pc=0x0000020638157104 sp=0x0000001e1acfdfa0
Event: 21.765 Thread 0x000002062d2e0b90 DEOPT UNPACKING pc=0x0000020637a73aa2 sp=0x0000001e1acfde68 mode 2
Event: 21.895 Thread 0x000002068d516d00 Uncommon trap: trap_request=0xffffffc6 fr.pc=0x00000206380c0938 relative=0x00000000000010b8
Event: 21.895 Thread 0x000002068d516d00 Uncommon trap: reason=bimorphic_or_optimized_type_check action=maybe_recompile pc=0x00000206380c0938 method=java.util.Properties$LineReader.readLine()I @ 479 c2
Event: 21.895 Thread 0x000002068d516d00 DEOPT PACKING pc=0x00000206380c0938 sp=0x0000001e1d3fd600
Event: 21.895 Thread 0x000002068d516d00 DEOPT UNPACKING pc=0x0000020637a73aa2 sp=0x0000001e1d3fd5a0 mode 2
Event: 21.941 Thread 0x000002068d516d00 Uncommon trap: trap_request=0xffffff45 fr.pc=0x0000020638109ad4 relative=0x0000000000000134
Event: 21.941 Thread 0x000002068d516d00 Uncommon trap: reason=unstable_if action=reinterpret pc=0x0000020638109ad4 method=java.util.ArrayList.indexOfRange(Ljava/lang/Object;II)I @ 7 c2
Event: 21.941 Thread 0x000002068d516d00 DEOPT PACKING pc=0x0000020638109ad4 sp=0x0000001e1d3fe160
Event: 21.941 Thread 0x000002068d516d00 DEOPT UNPACKING pc=0x0000020637a73aa2 sp=0x0000001e1d3fe020 mode 2
Event: 21.954 Thread 0x000002068d516d00 Uncommon trap: trap_request=0xffffff45 fr.pc=0x00000206380f7ac4 relative=0x0000000000000124
Event: 21.954 Thread 0x000002068d516d00 Uncommon trap: reason=unstable_if action=reinterpret pc=0x00000206380f7ac4 method=java.util.ArrayList.indexOfRange(Ljava/lang/Object;II)I @ 7 c2
Event: 21.954 Thread 0x000002068d516d00 DEOPT PACKING pc=0x00000206380f7ac4 sp=0x0000001e1d3fe0c0
Event: 21.954 Thread 0x000002068d516d00 DEOPT UNPACKING pc=0x0000020637a73aa2 sp=0x0000001e1d3fe040 mode 2
Event: 22.030 Thread 0x000002068d516d00 Uncommon trap: trap_request=0xffffff45 fr.pc=0x00000206380ff784 relative=0x00000000000024a4
Event: 22.030 Thread 0x000002068d516d00 Uncommon trap: reason=unstable_if action=reinterpret pc=0x00000206380ff784 method=sun.nio.cs.StreamDecoder.implRead([CII)I @ 186 c2
Event: 22.030 Thread 0x000002068d516d00 DEOPT PACKING pc=0x00000206380ff784 sp=0x0000001e1d3fdc30
Event: 22.030 Thread 0x000002068d516d00 DEOPT UNPACKING pc=0x0000020637a73aa2 sp=0x0000001e1d3fd8a8 mode 2
Event: 22.158 Thread 0x000002068d516d00 DEOPT PACKING pc=0x000002063055a1d3 sp=0x0000001e1d3fdf10
Event: 22.158 Thread 0x000002068d516d00 DEOPT UNPACKING pc=0x0000020637a74242 sp=0x0000001e1d3fd380 mode 0

Classes loaded (20 events):
Event: 21.788 Loading class java/time/format/DateTimeParseContext
Event: 21.789 Loading class java/time/format/DateTimeParseContext done
Event: 21.789 Loading class java/time/format/Parsed
Event: 21.789 Loading class java/time/format/Parsed done
Event: 21.813 Loading class java/lang/annotation/ElementType
Event: 21.813 Loading class java/lang/annotation/ElementType done
Event: 21.907 Loading class java/lang/annotation/IncompleteAnnotationException
Event: 21.907 Loading class java/lang/annotation/IncompleteAnnotationException done
Event: 21.957 Loading class java/lang/foreign/MemorySegment
Event: 21.957 Loading class java/lang/foreign/MemorySegment done
Event: 22.355 Loading class sun/reflect/annotation/AnnotatedTypeFactory$AnnotatedParameterizedTypeImpl
Event: 22.356 Loading class java/lang/reflect/AnnotatedParameterizedType
Event: 22.356 Loading class java/lang/reflect/AnnotatedParameterizedType done
Event: 22.356 Loading class sun/reflect/annotation/AnnotatedTypeFactory$AnnotatedParameterizedTypeImpl done
Event: 22.554 Loading class sun/reflect/generics/scope/ConstructorScope
Event: 22.554 Loading class sun/reflect/generics/scope/ConstructorScope done
Event: 22.554 Loading class sun/reflect/generics/tree/VoidDescriptor
Event: 22.554 Loading class sun/reflect/generics/tree/VoidDescriptor done
Event: 22.587 Loading class java/util/concurrent/CompletionService
Event: 22.587 Loading class java/util/concurrent/CompletionService done

Classes unloaded (13 events):
Event: 20.405 Thread 0x0000020643d34080 Unloading class 0x00000206451a9800 'java/lang/invoke/LambdaForm$MH+0x00000206451a9800'
Event: 20.405 Thread 0x0000020643d34080 Unloading class 0x00000206451a9400 'java/lang/invoke/LambdaForm$MH+0x00000206451a9400'
Event: 20.405 Thread 0x0000020643d34080 Unloading class 0x00000206451a9000 'java/lang/invoke/LambdaForm$MH+0x00000206451a9000'
Event: 20.405 Thread 0x0000020643d34080 Unloading class 0x00000206451a8c00 'java/lang/invoke/LambdaForm$MH+0x00000206451a8c00'
Event: 20.405 Thread 0x0000020643d34080 Unloading class 0x00000206451a8800 'java/lang/invoke/LambdaForm$BMH+0x00000206451a8800'
Event: 20.405 Thread 0x0000020643d34080 Unloading class 0x00000206451a8400 'java/lang/invoke/LambdaForm$DMH+0x00000206451a8400'
Event: 20.405 Thread 0x0000020643d34080 Unloading class 0x00000206451a3000 'java/lang/invoke/LambdaForm$DMH+0x00000206451a3000'
Event: 21.728 Thread 0x0000020643d34080 Unloading class 0x000002064539fc00 'java/lang/invoke/LambdaForm$MH+0x000002064539fc00'
Event: 21.728 Thread 0x0000020643d34080 Unloading class 0x000002064539f400 'java/lang/invoke/LambdaForm$MH+0x000002064539f400'
Event: 21.728 Thread 0x0000020643d34080 Unloading class 0x000002064539e800 'java/lang/invoke/LambdaForm$MH+0x000002064539e800'
Event: 21.728 Thread 0x0000020643d34080 Unloading class 0x000002064539e400 'java/lang/invoke/LambdaForm$MH+0x000002064539e400'
Event: 21.728 Thread 0x0000020643d34080 Unloading class 0x000002064539d800 'java/lang/invoke/LambdaForm$DMH+0x000002064539d800'
Event: 21.728 Thread 0x0000020643d34080 Unloading class 0x000002064539d000 'java/lang/invoke/LambdaForm$MH+0x000002064539d000'

Classes redefined (0 events):
No events

Internal exceptions (20 events):
Event: 21.407 Thread 0x000002068d516d00 Exception <a 'java/lang/NoSuchMethodError'{0x00000000d6771958}: 'int java.lang.invoke.DirectMethodHandle$Holder.invokeVirtual(java.lang.Object, java.lang.Object, java.lang.Object)'> (0x00000000d6771958) 
thrown [s\src\hotspot\share\interpreter\linkResolver.cpp, line 773]
Event: 21.408 Thread 0x000002068d516d00 Exception <a 'java/lang/NoSuchMethodError'{0x00000000d6775620}: 'int java.lang.invoke.DirectMethodHandle$Holder.invokeStaticInit(java.lang.Object, int, int)'> (0x00000000d6775620) 
thrown [s\src\hotspot\share\interpreter\linkResolver.cpp, line 773]
Event: 21.409 Thread 0x000002068d516d00 Exception <a 'java/lang/NoSuchMethodError'{0x00000000d67fb788}: 'int java.lang.invoke.DirectMethodHandle$Holder.invokeStaticInit(java.lang.Object, long, long)'> (0x00000000d67fb788) 
thrown [s\src\hotspot\share\interpreter\linkResolver.cpp, line 773]
Event: 21.410 Thread 0x000002068d516d00 Exception <a 'java/lang/NoSuchMethodError'{0x00000000d6801e70}: 'int java.lang.invoke.DirectMethodHandle$Holder.invokeStaticInit(java.lang.Object, float, float)'> (0x00000000d6801e70) 
thrown [s\src\hotspot\share\interpreter\linkResolver.cpp, line 773]
Event: 21.411 Thread 0x000002068d516d00 Exception <a 'java/lang/NoSuchMethodError'{0x00000000d6808550}: 'int java.lang.invoke.DirectMethodHandle$Holder.invokeStaticInit(java.lang.Object, double, double)'> (0x00000000d6808550) 
thrown [s\src\hotspot\share\interpreter\linkResolver.cpp, line 773]
Event: 21.412 Thread 0x000002068d516d00 Exception <a 'java/lang/NoSuchMethodError'{0x00000000d68891d8}: 'int java.lang.invoke.DirectMethodHandle$Holder.invokeStatic(java.lang.Object, long)'> (0x00000000d68891d8) 
thrown [s\src\hotspot\share\interpreter\linkResolver.cpp, line 773]
Event: 21.418 Thread 0x000002068d516d00 Exception <a 'java/lang/NoSuchMethodError'{0x00000000d6991c40}: 'int java.lang.invoke.Invokers$Holder.linkToTargetMethod(java.lang.Object, java.lang.Object)'> (0x00000000d6991c40) 
thrown [s\src\hotspot\share\interpreter\linkResolver.cpp, line 773]
Event: 21.418 Thread 0x000002068d51a180 Exception <a 'java/lang/NoSuchMethodError'{0x00000000d6983ba0}: 'int java.lang.invoke.Invokers$Holder.linkToTargetMethod(java.lang.Object, java.lang.Object)'> (0x00000000d6983ba0) 
thrown [s\src\hotspot\share\interpreter\linkResolver.cpp, line 773]
Event: 21.420 Thread 0x000002068d51a180 Exception <a 'java/lang/NoSuchMethodError'{0x00000000d698c268}: 'int java.lang.invoke.DirectMethodHandle$Holder.invokeSpecial(java.lang.Object, java.lang.Object, java.lang.Object, java.lang.Object)'> (0x00000000d698c268) 
thrown [s\src\hotspot\share\interpreter\linkResolver.cpp, line 773]
Event: 21.424 Thread 0x000002068d51a180 Exception <a 'java/lang/NoSuchMethodError'{0x00000000d69bf940}: 'java.lang.Object java.lang.invoke.DirectMethodHandle$Holder.invokeStatic(java.lang.Object, int, java.lang.Object, java.lang.Object)'> (0x00000000d69bf940) 
thrown [s\src\hotspot\share\interpreter\linkResolver.cpp, line 773]
Event: 21.425 Thread 0x000002068d51a180 Exception <a 'java/lang/NoSuchMethodError'{0x00000000d69c3120}: 'java.lang.Object java.lang.invoke.DelegatingMethodHandle$Holder.delegate(java.lang.Object, int, java.lang.Object, java.lang.Object)'> (0x00000000d69c3120) 
thrown [s\src\hotspot\share\interpreter\linkResolver.cpp, line 773]
Event: 21.426 Thread 0x000002062d2e0b90 Exception <a 'java/lang/NoSuchMethodError'{0x00000000d6a17ab0}: 'java.lang.Object java.lang.invoke.DirectMethodHandle$Holder.invokeStatic(java.lang.Object, long, java.lang.Object)'> (0x00000000d6a17ab0) 
thrown [s\src\hotspot\share\interpreter\linkResolver.cpp, line 773]
Event: 21.427 Thread 0x000002062d2e0b90 Exception <a 'java/lang/NoSuchMethodError'{0x00000000d6a2bae8}: 'java.lang.Object java.lang.invoke.DirectMethodHandle$Holder.invokeStaticInit(java.lang.Object, long, java.lang.Object)'> (0x00000000d6a2bae8) 
thrown [s\src\hotspot\share\interpreter\linkResolver.cpp, line 773]
Event: 21.429 Thread 0x000002068d51a180 Exception <a 'java/lang/NoSuchMethodError'{0x00000000d6a6c758}: 'int java.lang.invoke.Invokers$Holder.linkToTargetMethod(java.lang.Object, java.lang.Object, java.lang.Object)'> (0x00000000d6a6c758) 
thrown [s\src\hotspot\share\interpreter\linkResolver.cpp, line 773]
Event: 21.430 Thread 0x000002062d2e0b90 Exception <a 'java/lang/NoSuchMethodError'{0x00000000d6a60a08}: 'java.lang.Object java.lang.invoke.DirectMethodHandle$Holder.newInvokeSpecial(java.lang.Object, long)'> (0x00000000d6a60a08) 
thrown [s\src\hotspot\share\interpreter\linkResolver.cpp, line 773]
Event: 21.495 Thread 0x000002068d516d00 Exception <a 'java/lang/NoSuchMethodError'{0x00000000d59eeb20}: 'java.lang.Object java.lang.invoke.DirectMethodHandle$Holder.invokeSpecialIFC(java.lang.Object, java.lang.Object, java.lang.Object, java.lang.Object)'> (0x00000000d59eeb20) 
thrown [s\src\hotspot\share\interpreter\linkResolver.cpp, line 773]
Event: 21.686 Thread 0x000002062d2e0b90 Exception <a 'java/lang/NoSuchMethodError'{0x00000000d5683040}: 'void java.lang.invoke.DirectMethodHandle$Holder.invokeSpecial(java.lang.Object, java.lang.Object, java.lang.Object, java.lang.Object, java.lang.Object, java.lang.Object)'> (0x00000000d5683040) 
thrown [s\src\hotspot\share\interpreter\linkResolver.cpp, line 773]
Event: 21.688 Thread 0x000002062d2e0b90 Exception <a 'java/lang/IncompatibleClassChangeError'{0x00000000d568b180}: Found class java.lang.Object, but interface was expected> (0x00000000d568b180) 
thrown [s\src\hotspot\share\interpreter\linkResolver.cpp, line 840]
Event: 21.689 Thread 0x000002062d2e0b90 Exception <a 'java/lang/IncompatibleClassChangeError'{0x00000000d568cf30}: Found class java.lang.Object, but interface was expected> (0x00000000d568cf30) 
thrown [s\src\hotspot\share\interpreter\linkResolver.cpp, line 840]
Event: 21.907 Thread 0x000002068d516d00 Exception <a 'java/lang/NoClassDefFoundError'{0x00000000d5e35530}: javax/enterprise/inject/Typed> (0x00000000d5e35530) 
thrown [s\src\hotspot\share\classfile\systemDictionary.cpp, line 301]

ZGC Phase Switch (0 events):
No events

VM Operations (20 events):
Event: 21.149 Executing non-safepoint VM operation: HandshakeAllThreads (Deoptimize)
Event: 21.149 Executing non-safepoint VM operation: HandshakeAllThreads (Deoptimize) done
Event: 21.432 Executing non-safepoint VM operation: HandshakeAllThreads (Deoptimize)
Event: 21.432 Executing non-safepoint VM operation: HandshakeAllThreads (Deoptimize) done
Event: 21.445 Executing safepoint VM operation: ParallelGCFailedAllocation (Allocation Failure)
Event: 21.448 Executing safepoint VM operation: ParallelGCFailedAllocation (Allocation Failure) done
Event: 21.669 Executing safepoint VM operation: ParallelGCFailedAllocation (Allocation Failure)
Event: 21.673 Executing safepoint VM operation: ParallelGCFailedAllocation (Allocation Failure) done
Event: 21.720 Executing safepoint VM operation: CollectForMetadataAllocation (Metadata GC Threshold)
Event: 21.758 Executing safepoint VM operation: CollectForMetadataAllocation (Metadata GC Threshold) done
Event: 21.898 Executing non-safepoint VM operation: HandshakeAllThreads (Deoptimize)
Event: 21.898 Executing non-safepoint VM operation: HandshakeAllThreads (Deoptimize) done
Event: 22.130 Executing safepoint VM operation: ParallelGCFailedAllocation (Allocation Failure)
Event: 22.133 Executing safepoint VM operation: ParallelGCFailedAllocation (Allocation Failure) done
Event: 22.473 Executing non-safepoint VM operation: HandshakeAllThreads (Deoptimize)
Event: 22.474 Executing non-safepoint VM operation: HandshakeAllThreads (Deoptimize) done
Event: 22.508 Executing safepoint VM operation: ParallelGCFailedAllocation (Allocation Failure)
Event: 22.510 Executing safepoint VM operation: ParallelGCFailedAllocation (Allocation Failure) done
Event: 22.627 Executing non-safepoint VM operation: HandshakeAllThreads (Deoptimize)
Event: 22.627 Executing non-safepoint VM operation: HandshakeAllThreads (Deoptimize) done

Memory protections (0 events):
No events

Nmethod flushes (20 events):
Event: 21.736 Thread 0x0000020643d34080 flushing  nmethod 0x0000020630b2c290
Event: 21.736 Thread 0x0000020643d34080 flushing  nmethod 0x0000020630b2d490
Event: 21.736 Thread 0x0000020643d34080 flushing  nmethod 0x0000020630b2e110
Event: 21.736 Thread 0x0000020643d34080 flushing  nmethod 0x0000020630b2e890
Event: 21.736 Thread 0x0000020643d34080 flushing  nmethod 0x0000020630b2fe10
Event: 21.736 Thread 0x0000020643d34080 flushing  nmethod 0x0000020630b30710
Event: 21.736 Thread 0x0000020643d34080 flushing  nmethod 0x0000020630b31910
Event: 21.736 Thread 0x0000020643d34080 flushing  nmethod 0x0000020630b31d10
Event: 21.736 Thread 0x0000020643d34080 flushing  nmethod 0x0000020630b32190
Event: 21.736 Thread 0x0000020643d34080 flushing  nmethod 0x0000020630b33d90
Event: 21.736 Thread 0x0000020643d34080 flushing  nmethod 0x0000020630b34910
Event: 21.736 Thread 0x0000020643d34080 flushing  nmethod 0x0000020630b35e10
Event: 21.736 Thread 0x0000020643d34080 flushing  nmethod 0x0000020630b40490
Event: 21.736 Thread 0x0000020643d34080 flushing  nmethod 0x0000020630b4ee10
Event: 21.736 Thread 0x0000020643d34080 flushing  nmethod 0x0000020630b69690
Event: 21.736 Thread 0x0000020643d34080 flushing  nmethod 0x0000020630b6cd90
Event: 21.736 Thread 0x0000020643d34080 flushing  nmethod 0x0000020630b72b90
Event: 21.736 Thread 0x0000020643d34080 flushing  nmethod 0x0000020630b7c010
Event: 21.736 Thread 0x0000020643d34080 flushing  nmethod 0x0000020630bd8e90
Event: 21.736 Thread 0x0000020643d34080 flushing  nmethod 0x0000020630c0b710

Events (20 events):
Event: 19.790 Thread 0x000002068b43a6d0 Thread added: 0x000002068bdaedb0
Event: 19.816 Thread 0x000002068b43a6d0 Thread added: 0x000002068bdafad0
Event: 20.932 Thread 0x0000020643d96940 Thread added: 0x000002068b644ef0
Event: 20.985 Thread 0x000002068b43a6d0 Thread added: 0x000002068bdb0160
Event: 21.345 Thread 0x000002068bdaedb0 Thread added: 0x000002068d519460
Event: 21.385 Thread 0x000002068d519460 Thread added: 0x000002068d51a180
Event: 21.387 Thread 0x000002068d51a180 Thread added: 0x000002068d516d00
Event: 21.388 Thread 0x000002068d516d00 Thread added: 0x000002068d51aea0
Event: 21.444 Thread 0x000002062d2e0b90 Thread added: 0x000002068d51a810
Event: 21.445 Thread 0x000002062d2e0b90 Thread added: 0x000002068d519af0
Event: 21.445 Thread 0x000002062d2e0b90 Thread added: 0x000002068d51b530
Event: 21.448 Thread 0x000002062d2e0b90 Thread added: 0x000002068d51d600
Event: 21.448 Thread 0x000002062d2e0b90 Thread added: 0x000002068d5180b0
Event: 21.449 Thread 0x000002062d2e0b90 Thread added: 0x000002068d517390
Event: 21.449 Thread 0x000002062d2e0b90 Thread added: 0x000002068d51bbc0
Event: 21.449 Thread 0x000002062d2e0b90 Thread added: 0x000002068d51c250
Event: 21.449 Thread 0x000002062d2e0b90 Thread added: 0x000002068d517a20
Event: 21.475 Thread 0x000002062d2e0b90 Thread added: 0x000002068d51cf70
Event: 21.718 Thread 0x000002062d2e0b90 Thread added: 0x000002068d51c8e0
Event: 21.718 Thread 0x000002062d2e0b90 Thread added: 0x000002068d51dc90


Dynamic libraries:
0x00007ff7060a0000 - 0x00007ff7060ae000 	c:\Users\HP\.antigravity\extensions\redhat.java-1.54.0-win32-x64\jre\21.0.10-win32-x86_64\bin\java.exe
0x00007ffea0a90000 - 0x00007ffea0c88000 	C:\WINDOWS\SYSTEM32\ntdll.dll
0x00007ffe9ff80000 - 0x00007ffea0042000 	C:\WINDOWS\System32\KERNEL32.DLL
0x00007ffe9e270000 - 0x00007ffe9e566000 	C:\WINDOWS\System32\KERNELBASE.dll
0x00007ffe9e8c0000 - 0x00007ffe9e9c0000 	C:\WINDOWS\System32\ucrtbase.dll
0x00007ffe799d0000 - 0x00007ffe799e8000 	c:\Users\HP\.antigravity\extensions\redhat.java-1.54.0-win32-x64\jre\21.0.10-win32-x86_64\bin\jli.dll
0x00007ffea0550000 - 0x00007ffea06f1000 	C:\WINDOWS\System32\USER32.dll
0x00007ffe9e240000 - 0x00007ffe9e262000 	C:\WINDOWS\System32\win32u.dll
0x00007ffea0a20000 - 0x00007ffea0a4b000 	C:\WINDOWS\System32\GDI32.dll
0x00007ffe9e120000 - 0x00007ffe9e239000 	C:\WINDOWS\System32\gdi32full.dll
0x00007ffe9e9c0000 - 0x00007ffe9ea5d000 	C:\WINDOWS\System32\msvcp_win.dll
0x00007ffe799b0000 - 0x00007ffe799ce000 	c:\Users\HP\.antigravity\extensions\redhat.java-1.54.0-win32-x64\jre\21.0.10-win32-x86_64\bin\VCRUNTIME140.dll
0x00007ffe88f60000 - 0x00007ffe891fb000 	C:\WINDOWS\WinSxS\amd64_microsoft.windows.common-controls_6595b64144ccf1df_6.0.19041.6456_none_60b8a6cb71f64256\COMCTL32.dll
0x00007ffe9eb10000 - 0x00007ffe9ebae000 	C:\WINDOWS\System32\msvcrt.dll
0x00007ffea0700000 - 0x00007ffea072f000 	C:\WINDOWS\System32\IMM32.DLL
0x00007ffe84660000 - 0x00007ffe8466c000 	c:\Users\HP\.antigravity\extensions\redhat.java-1.54.0-win32-x64\jre\21.0.10-win32-x86_64\bin\vcruntime140_1.dll
0x00007ffe69d80000 - 0x00007ffe69e0d000 	c:\Users\HP\.antigravity\extensions\redhat.java-1.54.0-win32-x64\jre\21.0.10-win32-x86_64\bin\msvcp140.dll
0x00007ffe219e0000 - 0x00007ffe22781000 	c:\Users\HP\.antigravity\extensions\redhat.java-1.54.0-win32-x64\jre\21.0.10-win32-x86_64\bin\server\jvm.dll
0x00007ffe9ef30000 - 0x00007ffe9efe1000 	C:\WINDOWS\System32\ADVAPI32.dll
0x00007ffea00c0000 - 0x00007ffea015f000 	C:\WINDOWS\System32\sechost.dll
0x00007ffea0750000 - 0x00007ffea0870000 	C:\WINDOWS\System32\RPCRT4.dll
0x00007ffe9e750000 - 0x00007ffe9e777000 	C:\WINDOWS\System32\bcrypt.dll
0x00007ffea0050000 - 0x00007ffea00bb000 	C:\WINDOWS\System32\WS2_32.dll
0x00007ffe9da20000 - 0x00007ffe9da6b000 	C:\WINDOWS\SYSTEM32\POWRPROF.dll
0x00007ffe89320000 - 0x00007ffe89347000 	C:\WINDOWS\SYSTEM32\WINMM.dll
0x00007ffe959b0000 - 0x00007ffe959ba000 	C:\WINDOWS\SYSTEM32\VERSION.dll
0x00007ffe9da00000 - 0x00007ffe9da12000 	C:\WINDOWS\SYSTEM32\UMPDC.dll
0x00007ffe9c8f0000 - 0x00007ffe9c902000 	C:\WINDOWS\SYSTEM32\kernel.appcore.dll
0x00007ffe84070000 - 0x00007ffe8407a000 	c:\Users\HP\.antigravity\extensions\redhat.java-1.54.0-win32-x64\jre\21.0.10-win32-x86_64\bin\jimage.dll
0x00007ffe9bdf0000 - 0x00007ffe9bff1000 	C:\WINDOWS\SYSTEM32\DBGHELP.DLL
0x00007ffe779e0000 - 0x00007ffe77a14000 	C:\WINDOWS\SYSTEM32\dbgcore.DLL
0x00007ffe9e780000 - 0x00007ffe9e802000 	C:\WINDOWS\System32\bcryptPrimitives.dll
0x00007ffe81190000 - 0x00007ffe8119f000 	c:\Users\HP\.antigravity\extensions\redhat.java-1.54.0-win32-x64\jre\21.0.10-win32-x86_64\bin\instrument.dll
0x00007ffe79990000 - 0x00007ffe799b0000 	c:\Users\HP\.antigravity\extensions\redhat.java-1.54.0-win32-x64\jre\21.0.10-win32-x86_64\bin\java.dll
0x00007ffe9f5a0000 - 0x00007ffe9fd10000 	C:\WINDOWS\System32\SHELL32.dll
0x00007ffe9c030000 - 0x00007ffe9c7d5000 	C:\WINDOWS\SYSTEM32\windows.storage.dll
0x00007ffe9ebb0000 - 0x00007ffe9ef04000 	C:\WINDOWS\System32\combase.dll
0x00007ffe9da70000 - 0x00007ffe9da9b000 	C:\WINDOWS\SYSTEM32\Wldp.dll
0x00007ffe9feb0000 - 0x00007ffe9ff7d000 	C:\WINDOWS\System32\OLEAUT32.dll
0x00007ffea08e0000 - 0x00007ffea098d000 	C:\WINDOWS\System32\SHCORE.dll
0x00007ffea0440000 - 0x00007ffea049b000 	C:\WINDOWS\System32\shlwapi.dll
0x00007ffe9e050000 - 0x00007ffe9e074000 	C:\WINDOWS\SYSTEM32\profapi.dll
0x00007ffe79590000 - 0x00007ffe795a8000 	c:\Users\HP\.antigravity\extensions\redhat.java-1.54.0-win32-x64\jre\21.0.10-win32-x86_64\bin\zip.dll
0x00007ffe839a0000 - 0x00007ffe839b0000 	C:\Users\HP\.antigravity\extensions\redhat.java-1.54.0-win32-x64\jre\21.0.10-win32-x86_64\bin\net.dll
0x00007ffe943a0000 - 0x00007ffe944aa000 	C:\WINDOWS\SYSTEM32\WINHTTP.dll
0x00007ffe9d7e0000 - 0x00007ffe9d84a000 	C:\WINDOWS\system32\mswsock.dll
0x00007ffe754a0000 - 0x00007ffe754b6000 	C:\Users\HP\.antigravity\extensions\redhat.java-1.54.0-win32-x64\jre\21.0.10-win32-x86_64\bin\nio.dll
0x00007ffe7c0e0000 - 0x00007ffe7c0f0000 	c:\Users\HP\.antigravity\extensions\redhat.java-1.54.0-win32-x64\jre\21.0.10-win32-x86_64\bin\verify.dll
0x00007ffe6b7d0000 - 0x00007ffe6b815000 	C:\Users\HP\AppData\Roaming\Antigravity\User\globalStorage\redhat.java\1.54.0\config_win\org.eclipse.equinox.launcher\org.eclipse.equinox.launcher.win32.win32.x86_64_1.3.0.v20260203-2149\eclipse_11919.dll
0x00007ffea0310000 - 0x00007ffea043b000 	C:\WINDOWS\System32\ole32.dll
0x00007ffe9dde0000 - 0x00007ffe9ddf8000 	C:\WINDOWS\SYSTEM32\CRYPTSP.dll
0x00007ffe9d0b0000 - 0x00007ffe9d0e8000 	C:\WINDOWS\system32\rsaenh.dll
0x00007ffe9e010000 - 0x00007ffe9e03e000 	C:\WINDOWS\SYSTEM32\USERENV.dll
0x00007ffe9d970000 - 0x00007ffe9d97c000 	C:\WINDOWS\SYSTEM32\CRYPTBASE.dll
0x00007ffe9d4e0000 - 0x00007ffe9d51b000 	C:\WINDOWS\SYSTEM32\IPHLPAPI.DLL
0x00007ffe9ef10000 - 0x00007ffe9ef18000 	C:\WINDOWS\System32\NSI.dll
0x00007ffe68900000 - 0x00007ffe68949000 	C:\Users\HP\AppData\Local\Temp\jna-2312\jna4588287223634262795.dll
0x00007ffea08d0000 - 0x00007ffea08d8000 	C:\WINDOWS\System32\PSAPI.DLL
0x00007ffe946e0000 - 0x00007ffe946f7000 	C:\WINDOWS\SYSTEM32\dhcpcsvc6.DLL
0x00007ffe95000000 - 0x00007ffe9501d000 	C:\WINDOWS\SYSTEM32\dhcpcsvc.DLL

JVMTI agents:
c:\Users\HP\.antigravity\extensions\redhat.java-1.54.0-win32-x64\lombok\lombok-1.18.39-4050.jar path:c:\Users\HP\.antigravity\extensions\redhat.java-1.54.0-win32-x64\jre\21.0.10-win32-x86_64\bin\instrument.dll, loaded, initialized, instrumentlib options:none

dbghelp: loaded successfully - version: 4.0.5 - missing functions: none
symbol engine: initialized successfully - sym options: 0x614 - pdb path: .;c:\Users\HP\.antigravity\extensions\redhat.java-1.54.0-win32-x64\jre\21.0.10-win32-x86_64\bin;C:\WINDOWS\SYSTEM32;C:\WINDOWS\WinSxS\amd64_microsoft.windows.common-controls_6595b64144ccf1df_6.0.19041.6456_none_60b8a6cb71f64256;c:\Users\HP\.antigravity\extensions\redhat.java-1.54.0-win32-x64\jre\21.0.10-win32-x86_64\bin\server;C:\Users\HP\AppData\Roaming\Antigravity\User\globalStorage\redhat.java\1.54.0\config_win\org.eclipse.equinox.launcher\org.eclipse.equinox.launcher.win32.win32.x86_64_1.3.0.v20260203-2149;C:\Users\HP\AppData\Local\Temp\jna-2312

VM Arguments:
jvm_args: --add-modules=ALL-SYSTEM --add-opens=java.base/java.util=ALL-UNNAMED --add-opens=java.base/java.lang=ALL-UNNAMED --add-opens=java.base/sun.nio.fs=ALL-UNNAMED -Declipse.application=org.eclipse.jdt.ls.core.id1 -Dosgi.bundles.defaultStartLevel=4 -Declipse.product=org.eclipse.jdt.ls.core.product -Djava.import.generatesMetadataFilesAtProjectRoot=false -DDetectVMInstallationsJob.disabled=true -Dfile.encoding=utf8 -XX:+UseParallelGC -XX:GCTimeRatio=4 -XX:AdaptiveSizePolicyWeight=90 -Dsun.zip.disableMemoryMapping=true -Xmx2G -Xms100m -Xlog:disable -javaagent:c:\Users\HP\.antigravity\extensions\redhat.java-1.54.0-win32-x64\lombok\lombok-1.18.39-4050.jar -XX:+HeapDumpOnOutOfMemoryError -XX:HeapDumpPath=c:\Users\HP\AppData\Roaming\Antigravity\User\workspaceStorage\4eb16e8758ccc2055537406e63e7aed0\redhat.java -Daether.dependencyCollector.impl=bf 
java_command: c:\Users\HP\.antigravity\extensions\redhat.java-1.54.0-win32-x64\server\plugins\org.eclipse.equinox.launcher_1.7.100.v20251111-0406.jar -configuration c:\Users\HP\AppData\Roaming\Antigravity\User\globalStorage\redhat.java\1.54.0\config_win -data c:\Users\HP\AppData\Roaming\Antigravity\User\workspaceStorage\4eb16e8758ccc2055537406e63e7aed0\redhat.java\jdt_ws --pipe=\\.\pipe\lsp-0718b909bd518ef54388aae2ff17c95f-sock
java_class_path (initial): c:\Users\HP\.antigravity\extensions\redhat.java-1.54.0-win32-x64\server\plugins\org.eclipse.equinox.launcher_1.7.100.v20251111-0406.jar
Launcher Type: SUN_STANDARD

[Global flags]
    uintx AdaptiveSizePolicyWeight                 = 90                                        {product} {command line}
     intx CICompilerCount                          = 4                                         {product} {ergonomic}
    uintx GCTimeRatio                              = 4                                         {product} {command line}
     bool HeapDumpOnOutOfMemoryError               = true                                   {manageable} {command line}
    ccstr HeapDumpPath                             = c:\Users\HP\AppData\Roaming\Antigravity\User\workspaceStorage\4eb16e8758ccc2055537406e63e7aed0\redhat.java         {manageable} {command line}
   size_t InitialHeapSize                          = 104857600                                 {product} {command line}
   size_t MaxHeapSize                              = 2147483648                                {product} {command line}
   size_t MaxNewSize                               = 715653120                                 {product} {ergonomic}
   size_t MinHeapDeltaBytes                        = 524288                                    {product} {ergonomic}
   size_t MinHeapSize                              = 104857600                                 {product} {command line}
   size_t NewSize                                  = 34603008                                  {product} {ergonomic}
    uintx NonNMethodCodeHeapSize                   = 5839372                                {pd product} {ergonomic}
    uintx NonProfiledCodeHeapSize                  = 122909434                              {pd product} {ergonomic}
   size_t OldSize                                  = 70254592                                  {product} {ergonomic}
    uintx ProfiledCodeHeapSize                     = 122909434                              {pd product} {ergonomic}
    uintx ReservedCodeCacheSize                    = 251658240                              {pd product} {ergonomic}
     bool SegmentedCodeCache                       = true                                      {product} {ergonomic}
   size_t SoftMaxHeapSize                          = 2147483648                             {manageable} {ergonomic}
     bool UseCompressedOops                        = true                           {product lp64_product} {ergonomic}
     bool UseLargePagesIndividualAllocation        = false                                  {pd product} {ergonomic}
     bool UseParallelGC                            = true                                      {product} {command line}

Logging:
Log output configuration:
 #0: stdout all=off uptime,level,tags foldmultilines=false
 #1: stderr all=off uptime,level,tags foldmultilines=false

Release file:
JAVA_VERSION="21.0.10" 
MODULES="java.base java.compiler java.datatransfer java.xml java.prefs java.desktop java.instrument java.logging java.management java.security.sasl java.naming java.rmi java.management.rmi java.net.http java.scripting java.security.jgss java.transaction.xa java.sql java.sql.rowset java.xml.crypto java.se java.smartcardio jdk.accessibility jdk.internal.jvmstat jdk.attach jdk.charsets jdk.internal.opt jdk.zipfs jdk.compiler jdk.crypto.ec jdk.crypto.cryptoki jdk.crypto.mscapi jdk.dynalink jdk.internal.ed jdk.editpad jdk.hotspot.agent jdk.httpserver jdk.internal.le jdk.internal.vm.ci jdk.internal.vm.compiler jdk.internal.vm.compiler.management jdk.jartool jdk.javadoc jdk.jcmd jdk.management jdk.management.agent jdk.jconsole jdk.jdeps jdk.jdwp.agent jdk.jdi jdk.jfr jdk.jshell jdk.jsobject jdk.jstatd jdk.localedata jdk.management.jfr jdk.naming.dns jdk.naming.rmi jdk.net jdk.nio.mapmode jdk.random jdk.sctp jdk.security.auth jdk.security.jgss jdk.unsupported jdk.unsupported.desktop jdk.xml.dom" 

Environment Variables:
PATH=C:\Windows\System32;C:\Program Files\Git\cmd;C:\Program Files (x86)\Windows Kits\10\Windows Performance Toolkit\;C:\Users\HP\Desktop\chelia\ffmpeg-7.1.1-full_build\bin;C:\Program Files\nodejs\;C:\msys64\mingw64\bin;C:\Windows\System32\WindowsPowerShell\v1.0;C:\Users\HP\flutter\flutter\bin;C:\Users\HP\AppData\Local\Programs\Microsoft VS Code\bin;C:\Users\HP\AppData\Local\Programs\Antigravity\bin;C:\Users\HP\AppData\Local\Python\bin;C:\Users\HP\AppData\Roaming\npm;C:\Users\HP\.local\bin
USERNAME=HP
OS=Windows_NT
PROCESSOR_IDENTIFIER=Intel64 Family 6 Model 94 Stepping 3, GenuineIntel
TMP=C:\Users\HP\AppData\Local\Temp
TEMP=C:\Users\HP\AppData\Local\Temp




Periodic native trim disabled

---------------  S Y S T E M  ---------------

OS:
 Windows 10 , 64 bit Build 19041 (10.0.19041.5915)
OS uptime: 0 days 3:48 hours
Hyper-V role detected

CPU: total 8 (initial active 8) (4 cores per cpu, 2 threads per core) family 6 model 94 stepping 3 microcode 0xcc, cx8, cmov, fxsr, ht, mmx, 3dnowpref, sse, sse2, sse3, ssse3, sse4.1, sse4.2, popcnt, lzcnt, tsc, tscinvbit, avx, avx2, aes, erms, clmul, bmi1, bmi2, rtm, adx, fma, vzeroupper, clflush, clflushopt, hv, rdtscp, f16c
Processor Information for the first 8 processors :
  Max Mhz: 2592, Current Mhz: 2592, Mhz Limit: 2592

Memory: 4k page, system-wide physical 16204M (2660M free)
TotalPageFile size 29194M (AvailPageFile size 5M)
current process WorkingSet (physical memory assigned to process): 212M, peak: 214M
current process commit charge ("private bytes"): 338M, peak: 339M

vm_info: OpenJDK 64-Bit Server VM (21.0.10+7-LTS) for windows-amd64 JRE (21.0.10+7-LTS), built on 2026-01-20T00:00:00Z by "admin" with MS VC++ 17.12 (VS2022)

END.
